

<!DOCTYPE html>
<html>
<head>
<meta charset="utf-8">
<meta name="viewport" content="width=device-width, initial-scale=1, shrink-to-fit=no">
<title>Test Results</title>
<link rel="apple-touch-icon" href="https://cdn.jsdelivr.net/gh/extent-framework/extent-github-cdn@b00a2d0486596e73dd7326beacf352c639623a0e/commons/img/logo.png">
<link rel="shortcut icon" href="https://cdn.jsdelivr.net/gh/extent-framework/extent-github-cdn@b00a2d0486596e73dd7326beacf352c639623a0e/commons/img/logo.png">
<link href="https://cdn.jsdelivr.net/gh/extent-framework/extent-github-cdn@83e4e8776725a49f9e738b19d1e718e7404d6c19/spark/css/spark-style.css" rel="stylesheet" />
<link href="https://stackpath.bootstrapcdn.com/font-awesome/4.7.0/css/font-awesome.min.css" rel="stylesheet">
<script src="https://cdn.rawgit.com/extent-framework/extent-github-cdn/7cc78ce/spark/js/jsontree.js"></script>
<style type="text/css"></style></head><body class="spa -report standard">
  <div class="app">
    <div class="layout">
<div class="header navbar">
<div class="vheader">
<div class="nav-logo">
<a href="#">
<div class="logo" style="background-image: url('https://cdn.jsdelivr.net/gh/extent-framework/extent-github-cdn@b00a2d0486596e73dd7326beacf352c639623a0e/commons/img/logo.png')"></div>
</a>
</div>
<ul class="nav-left">
<li class="search-box">
<a class="search-toggle" href="#">
<i class="search-icon fa fa-search"></i>
<i class="search-icon-close fa fa-close"></i>
</a>
</li>
<li class="search-input"><input id="search-tests" class="form-control" type="text" placeholder="Search..."></li>
</ul>
<ul class="nav-right">
<li class="m-r-10">
<a href="#"><span class="badge badge-primary">Web Automation Results</span></a>
</li>
<li class="m-r-10">
<a href="#"><span class="badge badge-primary">Jul 27, 2021 12:25:12 PM</span></a>
</li>
</ul>
</div>
</div><div class="side-nav">
<div class="side-nav-inner">
<ul class="side-nav-menu">
<li class="nav-item dropdown" onclick="toggleView('test-view')">
<a id="nav-test" class="dropdown-toggle" href="#">
<span class="ico"><i class="fa fa-list"></i></span>
</a>
</li>
<li class="nav-item dropdown" onclick="toggleView('exception-view')">
<a id="nav-exception" class="dropdown-toggle" href="#">
<span class="ico"><i class="fa fa-bug"></i></span>
</a>
</li>
<li class="nav-item dropdown" onclick="toggleView('dashboard-view')">
<a id="nav-dashboard" class="dropdown-toggle" href="#">
<span class="ico"><i class="fa fa-bar-chart"></i></span>
</a>
</li>
</ul>
</div>
</div>      <div class="vcontainer">
        <div class="main-content">
<div class="test-wrapper row view test-view">
  <div class="test-list">
    <div class="test-list-tools">
<ul class="tools pull-left">
<li><a href="#"><span class="font-size-14">Tests</span></a></li>
</ul>
<ul class="tools text-right">
<li class="dropdown">
<a href="#" class="dropdown-toggle" data-toggle="dropdown"><i class="fa fa-exclamation-circle"></i></a>
<ul id="status-toggle" class="dropdown-menu dropdown-md p-v-0">
<a class="dropdown-item" status="pass" href="#"><span>Pass</span><span class="status success"></span></a>
<a class="dropdown-item" status="fail" href="#"><span>Fail</span><span class="status danger"></span></a>
<div class="dropdown-divider"></div>
<a status="clear" class="dropdown-item" href="#"><span>Clear</span><span class="pull-right"><i class="fa fa-close"></i></span></a>
</ul>
</li>
</ul>
</div>    <div class="test-list-wrapper scrollable">
      <ul class="test-list-item">
        <li class="test-item"  status="pass" test-id="1"
          author=""
          tag=""
          device="">
          <div class="status-avatar pass-bg">
            <i class="fa fa-check text-white"></i>
          </div>
          <div class="test-detail">
            <span class="meta text-white badge badge-sm"></span>
            <p class="name">TC_verifyLoginPageTitle</p>
            <p class="text-sm"><span>12:26:05 PM</span> / <span>25.311 secs</span></p>
          </div>
          <div class="test-contents d-none">
<div class="detail-head">
<div class="p-v-10">
<div class="info">
<div class='float-right'><span class='badge badge-default'>#test-id=1</span></div>
<h5 class="test-status text-pass">TC_verifyLoginPageTitle</h5>
<span class='badge badge-success'>07.27.2021 12:26:05</span>
<span class='badge badge-danger'>07.27.2021 12:26:30</span>
<span class='badge badge-default'>25.311 secs</span>
</div>
</div>
</div>    <div class="row mb-3"><div class="col-md-3">
    <img data-featherlight='C:\workspace\DollarDaysTeam6Git\DDdaysTeam6\Screenshots\TC_verifyLoginPageTitle20210727_122622.png' src="C:\workspace\DollarDaysTeam6Git\DDdaysTeam6\Screenshots\TC_verifyLoginPageTitle20210727_122622.png">
    <div class="title">TC_verifyLoginPageTitle</div>
    </div></div>
<div class="detail-body mt-4">
<table class="table table-sm">
  <thead><tr><th class="status-col">Status</th><th class="timestamp-col">Timestamp</th><th class="details-col">Details</th></tr></thead>
  <tbody>
      <tr class="event-row">
        <td><span class="badge log info-bg">Info</span></td>
        <td>12:26:05 PM</td>
        <td>
          TC_verifyLoginPageTitle Test is starting.  TestCase verifies LoginPage Title is displayed correctly.
        </td>
      </tr>
      <tr class="event-row">
        <td><span class="badge log pass-bg">Pass</span></td>
        <td>12:26:22 PM</td>
        <td>
          TC_verifyLoginPageTitle Test Passed
        </td>
      </tr>
  </tbody>
</table>
</div>
          </div>
        </li>
        <li class="test-item"  status="pass" test-id="2"
          author=""
          tag=""
          device="">
          <div class="status-avatar pass-bg">
            <i class="fa fa-check text-white"></i>
          </div>
          <div class="test-detail">
            <span class="meta text-white badge badge-sm"></span>
            <p class="name">TC_loginDDT</p>
            <p class="text-sm"><span>12:26:11 PM</span> / <span>33.142 secs</span></p>
          </div>
          <div class="test-contents d-none">
<div class="detail-head">
<div class="p-v-10">
<div class="info">
<div class='float-right'><span class='badge badge-default'>#test-id=2</span></div>
<h5 class="test-status text-pass">TC_loginDDT</h5>
<span class='badge badge-success'>07.27.2021 12:26:11</span>
<span class='badge badge-danger'>07.27.2021 12:26:44</span>
<span class='badge badge-default'>33.142 secs</span>
</div>
</div>
</div>    <div class="row mb-3"><div class="col-md-3">
    <img data-featherlight='C:\workspace\DollarDaysTeam6Git\DDdaysTeam6\Screenshots\TC_loginDDT20210727_122640.png' src="C:\workspace\DollarDaysTeam6Git\DDdaysTeam6\Screenshots\TC_loginDDT20210727_122640.png">
    <div class="title">TC_loginDDT</div>
    </div></div>
<div class="detail-body mt-4">
<table class="table table-sm">
  <thead><tr><th class="status-col">Status</th><th class="timestamp-col">Timestamp</th><th class="details-col">Details</th></tr></thead>
  <tbody>
      <tr class="event-row">
        <td><span class="badge log info-bg">Info</span></td>
        <td>12:26:11 PM</td>
        <td>
          TC_loginDDT Test is starting. This Testcase checks for logging in functionality using valid and invalid username/password combinations
        </td>
      </tr>
      <tr class="event-row">
        <td><span class="badge log pass-bg">Pass</span></td>
        <td>12:26:40 PM</td>
        <td>
          TC_loginDDT Test Passed
        </td>
      </tr>
  </tbody>
</table>
</div>
          </div>
        </li>
        <li class="test-item"  status="pass" test-id="3"
          author=""
          tag=""
          device="">
          <div class="status-avatar pass-bg">
            <i class="fa fa-check text-white"></i>
          </div>
          <div class="test-detail">
            <span class="meta text-white badge badge-sm"></span>
            <p class="name">TC_Login</p>
            <p class="text-sm"><span>12:26:20 PM</span> / <span>51.92 secs</span></p>
          </div>
          <div class="test-contents d-none">
<div class="detail-head">
<div class="p-v-10">
<div class="info">
<div class='float-right'><span class='badge badge-default'>#test-id=3</span></div>
<h5 class="test-status text-pass">TC_Login</h5>
<span class='badge badge-success'>07.27.2021 12:26:20</span>
<span class='badge badge-danger'>07.27.2021 12:27:12</span>
<span class='badge badge-default'>51.92 secs</span>
</div>
</div>
</div>    <div class="row mb-3"><div class="col-md-3">
    <img data-featherlight='C:\workspace\DollarDaysTeam6Git\DDdaysTeam6\Screenshots\TC_Login20210727_122708.png' src="C:\workspace\DollarDaysTeam6Git\DDdaysTeam6\Screenshots\TC_Login20210727_122708.png">
    <div class="title">TC_Login</div>
    </div></div>
<div class="detail-body mt-4">
<table class="table table-sm">
  <thead><tr><th class="status-col">Status</th><th class="timestamp-col">Timestamp</th><th class="details-col">Details</th></tr></thead>
  <tbody>
      <tr class="event-row">
        <td><span class="badge log info-bg">Info</span></td>
        <td>12:26:20 PM</td>
        <td>
          TC_Login Test is starting. This testcase verifies user is able to login from home page with valid credentials.
        </td>
      </tr>
      <tr class="event-row">
        <td><span class="badge log pass-bg">Pass</span></td>
        <td>12:27:08 PM</td>
        <td>
          TC_Login Test Passed
        </td>
      </tr>
  </tbody>
</table>
</div>
          </div>
        </li>
        <li class="test-item"  status="pass" test-id="4"
          author=""
          tag=""
          device="">
          <div class="status-avatar pass-bg">
            <i class="fa fa-check text-white"></i>
          </div>
          <div class="test-detail">
            <span class="meta text-white badge badge-sm"></span>
            <p class="name">TC_verifyLoginPageMandatoryfields</p>
            <p class="text-sm"><span>12:26:30 PM</span> / <span>1.686 secs</span></p>
          </div>
          <div class="test-contents d-none">
<div class="detail-head">
<div class="p-v-10">
<div class="info">
<div class='float-right'><span class='badge badge-default'>#test-id=4</span></div>
<h5 class="test-status text-pass">TC_verifyLoginPageMandatoryfields</h5>
<span class='badge badge-success'>07.27.2021 12:26:30</span>
<span class='badge badge-danger'>07.27.2021 12:26:32</span>
<span class='badge badge-default'>1.686 secs</span>
</div>
</div>
</div>    <div class="row mb-3"><div class="col-md-3">
    <img data-featherlight='C:\workspace\DollarDaysTeam6Git\DDdaysTeam6\Screenshots\TC_verifyLoginPageMandatoryfields20210727_122630.png' src="C:\workspace\DollarDaysTeam6Git\DDdaysTeam6\Screenshots\TC_verifyLoginPageMandatoryfields20210727_122630.png">
    <div class="title">TC_verifyLoginPageMandatoryfields</div>
    </div></div>
<div class="detail-body mt-4">
<table class="table table-sm">
  <thead><tr><th class="status-col">Status</th><th class="timestamp-col">Timestamp</th><th class="details-col">Details</th></tr></thead>
  <tbody>
      <tr class="event-row">
        <td><span class="badge log info-bg">Info</span></td>
        <td>12:26:30 PM</td>
        <td>
          TC_verifyLoginPageMandatoryfields Test is starting.  TestCase verifies Email Address and Password fields are mandatory in LoginPage.
        </td>
      </tr>
      <tr class="event-row">
        <td><span class="badge log pass-bg">Pass</span></td>
        <td>12:26:30 PM</td>
        <td>
          TC_verifyLoginPageMandatoryfields Test Passed
        </td>
      </tr>
  </tbody>
</table>
</div>
          </div>
        </li>
        <li class="test-item"  status="pass" test-id="5"
          author=""
          tag=""
          device="">
          <div class="status-avatar pass-bg">
            <i class="fa fa-check text-white"></i>
          </div>
          <div class="test-detail">
            <span class="meta text-white badge badge-sm"></span>
            <p class="name">TC_verifyForgotEmailPasswordLink</p>
            <p class="text-sm"><span>12:26:32 PM</span> / <span>19.224 secs</span></p>
          </div>
          <div class="test-contents d-none">
<div class="detail-head">
<div class="p-v-10">
<div class="info">
<div class='float-right'><span class='badge badge-default'>#test-id=5</span></div>
<h5 class="test-status text-pass">TC_verifyForgotEmailPasswordLink</h5>
<span class='badge badge-success'>07.27.2021 12:26:32</span>
<span class='badge badge-danger'>07.27.2021 12:26:51</span>
<span class='badge badge-default'>19.224 secs</span>
</div>
</div>
</div>    <div class="row mb-3"><div class="col-md-3">
    <img data-featherlight='C:\workspace\DollarDaysTeam6Git\DDdaysTeam6\Screenshots\TC_verifyForgotEmailPasswordLink20210727_122650.png' src="C:\workspace\DollarDaysTeam6Git\DDdaysTeam6\Screenshots\TC_verifyForgotEmailPasswordLink20210727_122650.png">
    <div class="title">TC_verifyForgotEmailPasswordLink</div>
    </div></div>
<div class="detail-body mt-4">
<table class="table table-sm">
  <thead><tr><th class="status-col">Status</th><th class="timestamp-col">Timestamp</th><th class="details-col">Details</th></tr></thead>
  <tbody>
      <tr class="event-row">
        <td><span class="badge log info-bg">Info</span></td>
        <td>12:26:32 PM</td>
        <td>
          TC_verifyForgotEmailPasswordLink Test is starting.  TestCase verifies the navigation of Forgot password link .
        </td>
      </tr>
      <tr class="event-row">
        <td><span class="badge log pass-bg">Pass</span></td>
        <td>12:26:50 PM</td>
        <td>
          TC_verifyForgotEmailPasswordLink Test Passed
        </td>
      </tr>
  </tbody>
</table>
</div>
          </div>
        </li>
        <li class="test-item"  status="fail" test-id="6"
          author=""
          tag=""
          device="">
          <div class="status-avatar fail-bg">
            <i class="fa fa-times text-white"></i>
          </div>
          <div class="test-detail">
            <span class="meta text-white badge badge-sm"></span>
            <p class="name">TC_loginDDT</p>
            <p class="text-sm"><span>12:26:44 PM</span> / <span>39.573 secs</span></p>
          </div>
          <div class="test-contents d-none">
<div class="detail-head">
<div class="p-v-10">
<div class="info">
<div class='float-right'><span class='badge badge-default'>#test-id=6</span></div>
<h5 class="test-status text-fail">TC_loginDDT</h5>
<span class='badge badge-success'>07.27.2021 12:26:44</span>
<span class='badge badge-danger'>07.27.2021 12:27:24</span>
<span class='badge badge-default'>39.573 secs</span>
</div>
</div>
</div>    <div class="row mb-3"><div class="col-md-3">
    <img data-featherlight='C:\workspace\DollarDaysTeam6Git\DDdaysTeam6\Screenshots\TC_loginDDT20210727_122722.png' src="C:\workspace\DollarDaysTeam6Git\DDdaysTeam6\Screenshots\TC_loginDDT20210727_122722.png">
    <div class="title">TC_loginDDT</div>
    </div></div>
<div class="detail-body mt-4">
<table class="table table-sm">
  <thead><tr><th class="status-col">Status</th><th class="timestamp-col">Timestamp</th><th class="details-col">Details</th></tr></thead>
  <tbody>
      <tr class="event-row">
        <td><span class="badge log info-bg">Info</span></td>
        <td>12:26:44 PM</td>
        <td>
          TC_loginDDT Test is starting. This Testcase checks for logging in functionality using valid and invalid username/password combinations
        </td>
      </tr>
      <tr class="event-row">
        <td><span class="badge log fail-bg">Fail</span></td>
        <td>12:27:22 PM</td>
        <td>
          <textarea readonly class="code-block">java.lang.AssertionError: Could not sign in to DollarDays with valid user user123@gmail.com and valid password pwd2. TestCase Failed. expected [true] but found [false]
	at org.testng.Assert.fail(Assert.java:96)
	at org.testng.Assert.failNotEquals(Assert.java:776)
	at org.testng.Assert.assertTrue(Assert.java:44)
	at com.DollarDays.testCases.LoginDataDriverTest.TC_loginDDT(LoginDataDriverTest.java:80)
	at sun.reflect.NativeMethodAccessorImpl.invoke0(Native Method)
	at sun.reflect.NativeMethodAccessorImpl.invoke(Unknown Source)
	at sun.reflect.DelegatingMethodAccessorImpl.invoke(Unknown Source)
	at java.lang.reflect.Method.invoke(Unknown Source)
	at org.testng.internal.MethodInvocationHelper.invokeMethod(MethodInvocationHelper.java:124)
	at org.testng.internal.Invoker.invokeMethod(Invoker.java:583)
	at org.testng.internal.Invoker.invokeTestMethod(Invoker.java:719)
	at org.testng.internal.Invoker.invokeTestMethods(Invoker.java:989)
	at org.testng.internal.TestMethodWorker.invokeTestMethods(TestMethodWorker.java:125)
	at org.testng.internal.TestMethodWorker.run(TestMethodWorker.java:109)
	at org.testng.TestRunner.privateRun(TestRunner.java:648)
	at org.testng.TestRunner.run(TestRunner.java:505)
	at org.testng.SuiteRunner.runTest(SuiteRunner.java:455)
	at org.testng.SuiteRunner.access$000(SuiteRunner.java:40)
	at org.testng.SuiteRunner$SuiteWorker.run(SuiteRunner.java:489)
	at org.testng.internal.thread.ThreadUtil$1.call(ThreadUtil.java:52)
	at java.util.concurrent.FutureTask.run(Unknown Source)
	at java.util.concurrent.ThreadPoolExecutor.runWorker(Unknown Source)
	at java.util.concurrent.ThreadPoolExecutor$Worker.run(Unknown Source)
	at java.lang.Thread.run(Unknown Source)
</textarea>
          
        </td>
      </tr>
      <tr class="event-row">
        <td><span class="badge log info-bg">Info</span></td>
        <td>12:27:22 PM</td>
        <td>
          TC_loginDDT test failed. 
        </td>
      </tr>
  </tbody>
</table>
</div>
          </div>
        </li>
        <li class="test-item"  status="pass" test-id="7"
          author=""
          tag=""
          device="">
          <div class="status-avatar pass-bg">
            <i class="fa fa-check text-white"></i>
          </div>
          <div class="test-detail">
            <span class="meta text-white badge badge-sm"></span>
            <p class="name">TC_verifyCreateAccountButton</p>
            <p class="text-sm"><span>12:26:51 PM</span> / <span>27.859 secs</span></p>
          </div>
          <div class="test-contents d-none">
<div class="detail-head">
<div class="p-v-10">
<div class="info">
<div class='float-right'><span class='badge badge-default'>#test-id=7</span></div>
<h5 class="test-status text-pass">TC_verifyCreateAccountButton</h5>
<span class='badge badge-success'>07.27.2021 12:26:51</span>
<span class='badge badge-danger'>07.27.2021 12:27:19</span>
<span class='badge badge-default'>27.859 secs</span>
</div>
</div>
</div>    <div class="row mb-3"><div class="col-md-3">
    <img data-featherlight='C:\workspace\DollarDaysTeam6Git\DDdaysTeam6\Screenshots\TC_verifyCreateAccountButton20210727_122713.png' src="C:\workspace\DollarDaysTeam6Git\DDdaysTeam6\Screenshots\TC_verifyCreateAccountButton20210727_122713.png">
    <div class="title">TC_verifyCreateAccountButton</div>
    </div></div>
<div class="detail-body mt-4">
<table class="table table-sm">
  <thead><tr><th class="status-col">Status</th><th class="timestamp-col">Timestamp</th><th class="details-col">Details</th></tr></thead>
  <tbody>
      <tr class="event-row">
        <td><span class="badge log info-bg">Info</span></td>
        <td>12:26:51 PM</td>
        <td>
          TC_verifyCreateAccountButton Test is starting.  TestCase verifies functionality of CreateAccount button .
        </td>
      </tr>
      <tr class="event-row">
        <td><span class="badge log pass-bg">Pass</span></td>
        <td>12:27:13 PM</td>
        <td>
          TC_verifyCreateAccountButton Test Passed
        </td>
      </tr>
  </tbody>
</table>
</div>
          </div>
        </li>
        <li class="test-item"  status="pass" test-id="8"
          author=""
          tag=""
          device="">
          <div class="status-avatar pass-bg">
            <i class="fa fa-check text-white"></i>
          </div>
          <div class="test-detail">
            <span class="meta text-white badge badge-sm"></span>
            <p class="name">TC_verifyUserHomePageTitle</p>
            <p class="text-sm"><span>12:27:12 PM</span> / <span>10.477 secs</span></p>
          </div>
          <div class="test-contents d-none">
<div class="detail-head">
<div class="p-v-10">
<div class="info">
<div class='float-right'><span class='badge badge-default'>#test-id=8</span></div>
<h5 class="test-status text-pass">TC_verifyUserHomePageTitle</h5>
<span class='badge badge-success'>07.27.2021 12:27:12</span>
<span class='badge badge-danger'>07.27.2021 12:27:22</span>
<span class='badge badge-default'>10.477 secs</span>
</div>
</div>
</div>    <div class="row mb-3"><div class="col-md-3">
    <img data-featherlight='C:\workspace\DollarDaysTeam6Git\DDdaysTeam6\Screenshots\TC_verifyUserHomePageTitle20210727_122712.png' src="C:\workspace\DollarDaysTeam6Git\DDdaysTeam6\Screenshots\TC_verifyUserHomePageTitle20210727_122712.png">
    <div class="title">TC_verifyUserHomePageTitle</div>
    </div></div>
<div class="detail-body mt-4">
<table class="table table-sm">
  <thead><tr><th class="status-col">Status</th><th class="timestamp-col">Timestamp</th><th class="details-col">Details</th></tr></thead>
  <tbody>
      <tr class="event-row">
        <td><span class="badge log info-bg">Info</span></td>
        <td>12:27:12 PM</td>
        <td>
          TC_verifyUserHomePageTitle Test is starting. This testcase verifies the Home Page Title is correct after user signs in.
        </td>
      </tr>
      <tr class="event-row">
        <td><span class="badge log pass-bg">Pass</span></td>
        <td>12:27:12 PM</td>
        <td>
          TC_verifyUserHomePageTitle Test Passed
        </td>
      </tr>
  </tbody>
</table>
</div>
          </div>
        </li>
        <li class="test-item"  status="pass" test-id="9"
          author=""
          tag=""
          device="">
          <div class="status-avatar pass-bg">
            <i class="fa fa-check text-white"></i>
          </div>
          <div class="test-detail">
            <span class="meta text-white badge badge-sm"></span>
            <p class="name">TC_logintoDD</p>
            <p class="text-sm"><span>12:27:19 PM</span> / <span>21.558 secs</span></p>
          </div>
          <div class="test-contents d-none">
<div class="detail-head">
<div class="p-v-10">
<div class="info">
<div class='float-right'><span class='badge badge-default'>#test-id=9</span></div>
<h5 class="test-status text-pass">TC_logintoDD</h5>
<span class='badge badge-success'>07.27.2021 12:27:19</span>
<span class='badge badge-danger'>07.27.2021 12:27:40</span>
<span class='badge badge-default'>21.558 secs</span>
</div>
</div>
</div>    <div class="row mb-3"><div class="col-md-3">
    <img data-featherlight='C:\workspace\DollarDaysTeam6Git\DDdaysTeam6\Screenshots\TC_logintoDD20210727_122736.png' src="C:\workspace\DollarDaysTeam6Git\DDdaysTeam6\Screenshots\TC_logintoDD20210727_122736.png">
    <div class="title">TC_logintoDD</div>
    </div></div>
<div class="detail-body mt-4">
<table class="table table-sm">
  <thead><tr><th class="status-col">Status</th><th class="timestamp-col">Timestamp</th><th class="details-col">Details</th></tr></thead>
  <tbody>
      <tr class="event-row">
        <td><span class="badge log info-bg">Info</span></td>
        <td>12:27:19 PM</td>
        <td>
          TC_logintoDD Test is starting. Testcase checks if the user is able to login successfully with valid username/password combination
        </td>
      </tr>
      <tr class="event-row">
        <td><span class="badge log pass-bg">Pass</span></td>
        <td>12:27:36 PM</td>
        <td>
          TC_logintoDD Test Passed
        </td>
      </tr>
  </tbody>
</table>
</div>
          </div>
        </li>
        <li class="test-item"  status="pass" test-id="10"
          author=""
          tag=""
          device="">
          <div class="status-avatar pass-bg">
            <i class="fa fa-check text-white"></i>
          </div>
          <div class="test-detail">
            <span class="meta text-white badge badge-sm"></span>
            <p class="name">TC_CheckUserDropDownList</p>
            <p class="text-sm"><span>12:27:22 PM</span> / <span>4.317 secs</span></p>
          </div>
          <div class="test-contents d-none">
<div class="detail-head">
<div class="p-v-10">
<div class="info">
<div class='float-right'><span class='badge badge-default'>#test-id=10</span></div>
<h5 class="test-status text-pass">TC_CheckUserDropDownList</h5>
<span class='badge badge-success'>07.27.2021 12:27:22</span>
<span class='badge badge-danger'>07.27.2021 12:27:27</span>
<span class='badge badge-default'>4.317 secs</span>
</div>
</div>
</div>    <div class="row mb-3"><div class="col-md-3">
    <img data-featherlight='C:\workspace\DollarDaysTeam6Git\DDdaysTeam6\Screenshots\TC_CheckUserDropDownList20210727_122724.png' src="C:\workspace\DollarDaysTeam6Git\DDdaysTeam6\Screenshots\TC_CheckUserDropDownList20210727_122724.png">
    <div class="title">TC_CheckUserDropDownList</div>
    </div></div>
<div class="detail-body mt-4">
<table class="table table-sm">
  <thead><tr><th class="status-col">Status</th><th class="timestamp-col">Timestamp</th><th class="details-col">Details</th></tr></thead>
  <tbody>
      <tr class="event-row">
        <td><span class="badge log info-bg">Info</span></td>
        <td>12:27:22 PM</td>
        <td>
          TC_CheckUserDropDownList Test is starting. This testcase verifies the user dropdown list displays expected values.
        </td>
      </tr>
      <tr class="event-row">
        <td><span class="badge log pass-bg">Pass</span></td>
        <td>12:27:24 PM</td>
        <td>
          TC_CheckUserDropDownList Test Passed
        </td>
      </tr>
  </tbody>
</table>
</div>
          </div>
        </li>
        <li class="test-item"  status="pass" test-id="11"
          author=""
          tag=""
          device="">
          <div class="status-avatar pass-bg">
            <i class="fa fa-check text-white"></i>
          </div>
          <div class="test-detail">
            <span class="meta text-white badge badge-sm"></span>
            <p class="name">TC_loginDDT</p>
            <p class="text-sm"><span>12:27:24 PM</span> / <span>6.898 secs</span></p>
          </div>
          <div class="test-contents d-none">
<div class="detail-head">
<div class="p-v-10">
<div class="info">
<div class='float-right'><span class='badge badge-default'>#test-id=11</span></div>
<h5 class="test-status text-pass">TC_loginDDT</h5>
<span class='badge badge-success'>07.27.2021 12:27:24</span>
<span class='badge badge-danger'>07.27.2021 12:27:31</span>
<span class='badge badge-default'>6.898 secs</span>
</div>
</div>
</div>    <div class="row mb-3"><div class="col-md-3">
    <img data-featherlight='C:\workspace\DollarDaysTeam6Git\DDdaysTeam6\Screenshots\TC_loginDDT20210727_122729.png' src="C:\workspace\DollarDaysTeam6Git\DDdaysTeam6\Screenshots\TC_loginDDT20210727_122729.png">
    <div class="title">TC_loginDDT</div>
    </div></div>
<div class="detail-body mt-4">
<table class="table table-sm">
  <thead><tr><th class="status-col">Status</th><th class="timestamp-col">Timestamp</th><th class="details-col">Details</th></tr></thead>
  <tbody>
      <tr class="event-row">
        <td><span class="badge log info-bg">Info</span></td>
        <td>12:27:24 PM</td>
        <td>
          TC_loginDDT Test is starting. This Testcase checks for logging in functionality using valid and invalid username/password combinations
        </td>
      </tr>
      <tr class="event-row">
        <td><span class="badge log pass-bg">Pass</span></td>
        <td>12:27:29 PM</td>
        <td>
          TC_loginDDT Test Passed
        </td>
      </tr>
  </tbody>
</table>
</div>
          </div>
        </li>
        <li class="test-item"  status="pass" test-id="12"
          author=""
          tag=""
          device="">
          <div class="status-avatar pass-bg">
            <i class="fa fa-check text-white"></i>
          </div>
          <div class="test-detail">
            <span class="meta text-white badge badge-sm"></span>
            <p class="name">TC_loginDDT</p>
            <p class="text-sm"><span>12:27:31 PM</span> / <span>4.208 secs</span></p>
          </div>
          <div class="test-contents d-none">
<div class="detail-head">
<div class="p-v-10">
<div class="info">
<div class='float-right'><span class='badge badge-default'>#test-id=12</span></div>
<h5 class="test-status text-pass">TC_loginDDT</h5>
<span class='badge badge-success'>07.27.2021 12:27:31</span>
<span class='badge badge-danger'>07.27.2021 12:27:35</span>
<span class='badge badge-default'>4.208 secs</span>
</div>
</div>
</div>    <div class="row mb-3"><div class="col-md-3">
    <img data-featherlight='C:\workspace\DollarDaysTeam6Git\DDdaysTeam6\Screenshots\TC_loginDDT20210727_122733.png' src="C:\workspace\DollarDaysTeam6Git\DDdaysTeam6\Screenshots\TC_loginDDT20210727_122733.png">
    <div class="title">TC_loginDDT</div>
    </div></div>
<div class="detail-body mt-4">
<table class="table table-sm">
  <thead><tr><th class="status-col">Status</th><th class="timestamp-col">Timestamp</th><th class="details-col">Details</th></tr></thead>
  <tbody>
      <tr class="event-row">
        <td><span class="badge log info-bg">Info</span></td>
        <td>12:27:31 PM</td>
        <td>
          TC_loginDDT Test is starting. This Testcase checks for logging in functionality using valid and invalid username/password combinations
        </td>
      </tr>
      <tr class="event-row">
        <td><span class="badge log pass-bg">Pass</span></td>
        <td>12:27:33 PM</td>
        <td>
          TC_loginDDT Test Passed
        </td>
      </tr>
  </tbody>
</table>
</div>
          </div>
        </li>
        <li class="test-item"  status="pass" test-id="13"
          author=""
          tag=""
          device="">
          <div class="status-avatar pass-bg">
            <i class="fa fa-check text-white"></i>
          </div>
          <div class="test-detail">
            <span class="meta text-white badge badge-sm"></span>
            <p class="name">TC_verifyUserDropDownUrl</p>
            <p class="text-sm"><span>12:27:31 PM</span> / <span>19.734 secs</span></p>
          </div>
          <div class="test-contents d-none">
<div class="detail-head">
<div class="p-v-10">
<div class="info">
<div class='float-right'><span class='badge badge-default'>#test-id=13</span></div>
<h5 class="test-status text-pass">TC_verifyUserDropDownUrl</h5>
<span class='badge badge-success'>07.27.2021 12:27:31</span>
<span class='badge badge-danger'>07.27.2021 12:27:51</span>
<span class='badge badge-default'>19.734 secs</span>
</div>
</div>
</div>    <div class="row mb-3"><div class="col-md-3">
    <img data-featherlight='C:\workspace\DollarDaysTeam6Git\DDdaysTeam6\Screenshots\TC_verifyUserDropDownUrl20210727_122742.png' src="C:\workspace\DollarDaysTeam6Git\DDdaysTeam6\Screenshots\TC_verifyUserDropDownUrl20210727_122742.png">
    <div class="title">TC_verifyUserDropDownUrl</div>
    </div></div>
<div class="detail-body mt-4">
<table class="table table-sm">
  <thead><tr><th class="status-col">Status</th><th class="timestamp-col">Timestamp</th><th class="details-col">Details</th></tr></thead>
  <tbody>
      <tr class="event-row">
        <td><span class="badge log info-bg">Info</span></td>
        <td>12:27:31 PM</td>
        <td>
          TC_verifyUserDropDownUrl Test is starting. This testcase verifies the the navigation of links displayed in the user list .
        </td>
      </tr>
      <tr class="event-row">
        <td><span class="badge log pass-bg">Pass</span></td>
        <td>12:27:42 PM</td>
        <td>
          TC_verifyUserDropDownUrl Test Passed
        </td>
      </tr>
  </tbody>
</table>
</div>
          </div>
        </li>
        <li class="test-item"  status="pass" test-id="14"
          author=""
          tag=""
          device="">
          <div class="status-avatar pass-bg">
            <i class="fa fa-check text-white"></i>
          </div>
          <div class="test-detail">
            <span class="meta text-white badge badge-sm"></span>
            <p class="name">TC_loginDDT</p>
            <p class="text-sm"><span>12:27:35 PM</span> / <span>4.442 secs</span></p>
          </div>
          <div class="test-contents d-none">
<div class="detail-head">
<div class="p-v-10">
<div class="info">
<div class='float-right'><span class='badge badge-default'>#test-id=14</span></div>
<h5 class="test-status text-pass">TC_loginDDT</h5>
<span class='badge badge-success'>07.27.2021 12:27:35</span>
<span class='badge badge-danger'>07.27.2021 12:27:39</span>
<span class='badge badge-default'>4.442 secs</span>
</div>
</div>
</div>    <div class="row mb-3"><div class="col-md-3">
    <img data-featherlight='C:\workspace\DollarDaysTeam6Git\DDdaysTeam6\Screenshots\TC_loginDDT20210727_122738.png' src="C:\workspace\DollarDaysTeam6Git\DDdaysTeam6\Screenshots\TC_loginDDT20210727_122738.png">
    <div class="title">TC_loginDDT</div>
    </div></div>
<div class="detail-body mt-4">
<table class="table table-sm">
  <thead><tr><th class="status-col">Status</th><th class="timestamp-col">Timestamp</th><th class="details-col">Details</th></tr></thead>
  <tbody>
      <tr class="event-row">
        <td><span class="badge log info-bg">Info</span></td>
        <td>12:27:35 PM</td>
        <td>
          TC_loginDDT Test is starting. This Testcase checks for logging in functionality using valid and invalid username/password combinations
        </td>
      </tr>
      <tr class="event-row">
        <td><span class="badge log pass-bg">Pass</span></td>
        <td>12:27:38 PM</td>
        <td>
          TC_loginDDT Test Passed
        </td>
      </tr>
  </tbody>
</table>
</div>
          </div>
        </li>
        <li class="test-item"  status="pass" test-id="15"
          author=""
          tag=""
          device="">
          <div class="status-avatar pass-bg">
            <i class="fa fa-check text-white"></i>
          </div>
          <div class="test-detail">
            <span class="meta text-white badge badge-sm"></span>
            <p class="name">TC_loginDDT</p>
            <p class="text-sm"><span>12:27:39 PM</span> / <span>7.477 secs</span></p>
          </div>
          <div class="test-contents d-none">
<div class="detail-head">
<div class="p-v-10">
<div class="info">
<div class='float-right'><span class='badge badge-default'>#test-id=15</span></div>
<h5 class="test-status text-pass">TC_loginDDT</h5>
<span class='badge badge-success'>07.27.2021 12:27:39</span>
<span class='badge badge-danger'>07.27.2021 12:27:47</span>
<span class='badge badge-default'>7.477 secs</span>
</div>
</div>
</div>    <div class="row mb-3"><div class="col-md-3">
    <img data-featherlight='C:\workspace\DollarDaysTeam6Git\DDdaysTeam6\Screenshots\TC_loginDDT20210727_122742.png' src="C:\workspace\DollarDaysTeam6Git\DDdaysTeam6\Screenshots\TC_loginDDT20210727_122742.png">
    <div class="title">TC_loginDDT</div>
    </div></div>
<div class="detail-body mt-4">
<table class="table table-sm">
  <thead><tr><th class="status-col">Status</th><th class="timestamp-col">Timestamp</th><th class="details-col">Details</th></tr></thead>
  <tbody>
      <tr class="event-row">
        <td><span class="badge log info-bg">Info</span></td>
        <td>12:27:39 PM</td>
        <td>
          TC_loginDDT Test is starting. This Testcase checks for logging in functionality using valid and invalid username/password combinations
        </td>
      </tr>
      <tr class="event-row">
        <td><span class="badge log pass-bg">Pass</span></td>
        <td>12:27:42 PM</td>
        <td>
          TC_loginDDT Test Passed
        </td>
      </tr>
  </tbody>
</table>
</div>
          </div>
        </li>
        <li class="test-item"  status="pass" test-id="16"
          author=""
          tag=""
          device="">
          <div class="status-avatar pass-bg">
            <i class="fa fa-check text-white"></i>
          </div>
          <div class="test-detail">
            <span class="meta text-white badge badge-sm"></span>
            <p class="name">TC_loginDDT</p>
            <p class="text-sm"><span>12:27:47 PM</span> / <span>7.21 secs</span></p>
          </div>
          <div class="test-contents d-none">
<div class="detail-head">
<div class="p-v-10">
<div class="info">
<div class='float-right'><span class='badge badge-default'>#test-id=16</span></div>
<h5 class="test-status text-pass">TC_loginDDT</h5>
<span class='badge badge-success'>07.27.2021 12:27:47</span>
<span class='badge badge-danger'>07.27.2021 12:27:54</span>
<span class='badge badge-default'>7.21 secs</span>
</div>
</div>
</div>    <div class="row mb-3"><div class="col-md-3">
    <img data-featherlight='C:\workspace\DollarDaysTeam6Git\DDdaysTeam6\Screenshots\TC_loginDDT20210727_122752.png' src="C:\workspace\DollarDaysTeam6Git\DDdaysTeam6\Screenshots\TC_loginDDT20210727_122752.png">
    <div class="title">TC_loginDDT</div>
    </div></div>
<div class="detail-body mt-4">
<table class="table table-sm">
  <thead><tr><th class="status-col">Status</th><th class="timestamp-col">Timestamp</th><th class="details-col">Details</th></tr></thead>
  <tbody>
      <tr class="event-row">
        <td><span class="badge log info-bg">Info</span></td>
        <td>12:27:47 PM</td>
        <td>
          TC_loginDDT Test is starting. This Testcase checks for logging in functionality using valid and invalid username/password combinations
        </td>
      </tr>
      <tr class="event-row">
        <td><span class="badge log pass-bg">Pass</span></td>
        <td>12:27:52 PM</td>
        <td>
          TC_loginDDT Test Passed
        </td>
      </tr>
  </tbody>
</table>
</div>
          </div>
        </li>
        <li class="test-item"  status="pass" test-id="17"
          author=""
          tag=""
          device="">
          <div class="status-avatar pass-bg">
            <i class="fa fa-check text-white"></i>
          </div>
          <div class="test-detail">
            <span class="meta text-white badge badge-sm"></span>
            <p class="name">TC_verifyUserDropDownUrl</p>
            <p class="text-sm"><span>12:27:51 PM</span> / <span>11.477 secs</span></p>
          </div>
          <div class="test-contents d-none">
<div class="detail-head">
<div class="p-v-10">
<div class="info">
<div class='float-right'><span class='badge badge-default'>#test-id=17</span></div>
<h5 class="test-status text-pass">TC_verifyUserDropDownUrl</h5>
<span class='badge badge-success'>07.27.2021 12:27:51</span>
<span class='badge badge-danger'>07.27.2021 12:28:03</span>
<span class='badge badge-default'>11.477 secs</span>
</div>
</div>
</div>    <div class="row mb-3"><div class="col-md-3">
    <img data-featherlight='C:\workspace\DollarDaysTeam6Git\DDdaysTeam6\Screenshots\TC_verifyUserDropDownUrl20210727_122802.png' src="C:\workspace\DollarDaysTeam6Git\DDdaysTeam6\Screenshots\TC_verifyUserDropDownUrl20210727_122802.png">
    <div class="title">TC_verifyUserDropDownUrl</div>
    </div></div>
<div class="detail-body mt-4">
<table class="table table-sm">
  <thead><tr><th class="status-col">Status</th><th class="timestamp-col">Timestamp</th><th class="details-col">Details</th></tr></thead>
  <tbody>
      <tr class="event-row">
        <td><span class="badge log info-bg">Info</span></td>
        <td>12:27:51 PM</td>
        <td>
          TC_verifyUserDropDownUrl Test is starting. This testcase verifies the the navigation of links displayed in the user list .
        </td>
      </tr>
      <tr class="event-row">
        <td><span class="badge log pass-bg">Pass</span></td>
        <td>12:28:02 PM</td>
        <td>
          TC_verifyUserDropDownUrl Test Passed
        </td>
      </tr>
  </tbody>
</table>
</div>
          </div>
        </li>
        <li class="test-item"  status="fail" test-id="18"
          author=""
          tag=""
          device="">
          <div class="status-avatar fail-bg">
            <i class="fa fa-times text-white"></i>
          </div>
          <div class="test-detail">
            <span class="meta text-white badge badge-sm"></span>
            <p class="name">TC_loginDDT</p>
            <p class="text-sm"><span>12:27:54 PM</span> / <span>9.311 secs</span></p>
          </div>
          <div class="test-contents d-none">
<div class="detail-head">
<div class="p-v-10">
<div class="info">
<div class='float-right'><span class='badge badge-default'>#test-id=18</span></div>
<h5 class="test-status text-fail">TC_loginDDT</h5>
<span class='badge badge-success'>07.27.2021 12:27:54</span>
<span class='badge badge-danger'>07.27.2021 12:28:04</span>
<span class='badge badge-default'>9.311 secs</span>
</div>
</div>
</div>    <div class="row mb-3"><div class="col-md-3">
    <img data-featherlight='C:\workspace\DollarDaysTeam6Git\DDdaysTeam6\Screenshots\TC_loginDDT20210727_122800.png' src="C:\workspace\DollarDaysTeam6Git\DDdaysTeam6\Screenshots\TC_loginDDT20210727_122800.png">
    <div class="title">TC_loginDDT</div>
    </div></div>
<div class="detail-body mt-4">
<table class="table table-sm">
  <thead><tr><th class="status-col">Status</th><th class="timestamp-col">Timestamp</th><th class="details-col">Details</th></tr></thead>
  <tbody>
      <tr class="event-row">
        <td><span class="badge log info-bg">Info</span></td>
        <td>12:27:54 PM</td>
        <td>
          TC_loginDDT Test is starting. This Testcase checks for logging in functionality using valid and invalid username/password combinations
        </td>
      </tr>
      <tr class="event-row">
        <td><span class="badge log fail-bg">Fail</span></td>
        <td>12:28:00 PM</td>
        <td>
          <textarea readonly class="code-block">java.lang.AssertionError: Signed  in to DollarDays successfully with invalid user srikanthtesting100@gmail.com and invalid password password123. Testcase failed. expected [false] but found [true]
	at org.testng.Assert.fail(Assert.java:96)
	at org.testng.Assert.failNotEquals(Assert.java:776)
	at org.testng.Assert.assertEqualsImpl(Assert.java:137)
	at org.testng.Assert.assertEquals(Assert.java:118)
	at org.testng.Assert.assertEquals(Assert.java:568)
	at com.DollarDays.testCases.LoginDataDriverTest.TC_loginDDT(LoginDataDriverTest.java:90)
	at sun.reflect.NativeMethodAccessorImpl.invoke0(Native Method)
	at sun.reflect.NativeMethodAccessorImpl.invoke(Unknown Source)
	at sun.reflect.DelegatingMethodAccessorImpl.invoke(Unknown Source)
	at java.lang.reflect.Method.invoke(Unknown Source)
	at org.testng.internal.MethodInvocationHelper.invokeMethod(MethodInvocationHelper.java:124)
	at org.testng.internal.Invoker.invokeMethod(Invoker.java:583)
	at org.testng.internal.Invoker.invokeTestMethod(Invoker.java:719)
	at org.testng.internal.Invoker.invokeTestMethods(Invoker.java:989)
	at org.testng.internal.TestMethodWorker.invokeTestMethods(TestMethodWorker.java:125)
	at org.testng.internal.TestMethodWorker.run(TestMethodWorker.java:109)
	at org.testng.TestRunner.privateRun(TestRunner.java:648)
	at org.testng.TestRunner.run(TestRunner.java:505)
	at org.testng.SuiteRunner.runTest(SuiteRunner.java:455)
	at org.testng.SuiteRunner.access$000(SuiteRunner.java:40)
	at org.testng.SuiteRunner$SuiteWorker.run(SuiteRunner.java:489)
	at org.testng.internal.thread.ThreadUtil$1.call(ThreadUtil.java:52)
	at java.util.concurrent.FutureTask.run(Unknown Source)
	at java.util.concurrent.ThreadPoolExecutor.runWorker(Unknown Source)
	at java.util.concurrent.ThreadPoolExecutor$Worker.run(Unknown Source)
	at java.lang.Thread.run(Unknown Source)
</textarea>
          
        </td>
      </tr>
      <tr class="event-row">
        <td><span class="badge log info-bg">Info</span></td>
        <td>12:28:00 PM</td>
        <td>
          TC_loginDDT test failed. 
        </td>
      </tr>
  </tbody>
</table>
</div>
          </div>
        </li>
        <li class="test-item"  status="pass" test-id="19"
          author=""
          tag=""
          device="">
          <div class="status-avatar pass-bg">
            <i class="fa fa-check text-white"></i>
          </div>
          <div class="test-detail">
            <span class="meta text-white badge badge-sm"></span>
            <p class="name">TC_verifyUserDropDownUrl</p>
            <p class="text-sm"><span>12:28:03 PM</span> / <span>6.985 secs</span></p>
          </div>
          <div class="test-contents d-none">
<div class="detail-head">
<div class="p-v-10">
<div class="info">
<div class='float-right'><span class='badge badge-default'>#test-id=19</span></div>
<h5 class="test-status text-pass">TC_verifyUserDropDownUrl</h5>
<span class='badge badge-success'>07.27.2021 12:28:03</span>
<span class='badge badge-danger'>07.27.2021 12:28:10</span>
<span class='badge badge-default'>6.985 secs</span>
</div>
</div>
</div>    <div class="row mb-3"><div class="col-md-3">
    <img data-featherlight='C:\workspace\DollarDaysTeam6Git\DDdaysTeam6\Screenshots\TC_verifyUserDropDownUrl20210727_122809.png' src="C:\workspace\DollarDaysTeam6Git\DDdaysTeam6\Screenshots\TC_verifyUserDropDownUrl20210727_122809.png">
    <div class="title">TC_verifyUserDropDownUrl</div>
    </div></div>
<div class="detail-body mt-4">
<table class="table table-sm">
  <thead><tr><th class="status-col">Status</th><th class="timestamp-col">Timestamp</th><th class="details-col">Details</th></tr></thead>
  <tbody>
      <tr class="event-row">
        <td><span class="badge log info-bg">Info</span></td>
        <td>12:28:03 PM</td>
        <td>
          TC_verifyUserDropDownUrl Test is starting. This testcase verifies the the navigation of links displayed in the user list .
        </td>
      </tr>
      <tr class="event-row">
        <td><span class="badge log pass-bg">Pass</span></td>
        <td>12:28:09 PM</td>
        <td>
          TC_verifyUserDropDownUrl Test Passed
        </td>
      </tr>
  </tbody>
</table>
</div>
          </div>
        </li>
        <li class="test-item"  status="fail" test-id="20"
          author=""
          tag=""
          device="">
          <div class="status-avatar fail-bg">
            <i class="fa fa-times text-white"></i>
          </div>
          <div class="test-detail">
            <span class="meta text-white badge badge-sm"></span>
            <p class="name">TC_loginDDT</p>
            <p class="text-sm"><span>12:28:04 PM</span> / <span>274.484 secs</span></p>
          </div>
          <div class="test-contents d-none">
<div class="detail-head">
<div class="p-v-10">
<div class="info">
<div class='float-right'><span class='badge badge-default'>#test-id=20</span></div>
<h5 class="test-status text-fail">TC_loginDDT</h5>
<span class='badge badge-success'>07.27.2021 12:28:04</span>
<span class='badge badge-danger'>07.27.2021 12:32:38</span>
<span class='badge badge-default'>274.484 secs</span>
</div>
</div>
</div><div class="detail-body mt-4">
<table class="table table-sm">
  <thead><tr><th class="status-col">Status</th><th class="timestamp-col">Timestamp</th><th class="details-col">Details</th></tr></thead>
  <tbody>
      <tr class="event-row">
        <td><span class="badge log info-bg">Info</span></td>
        <td>12:28:04 PM</td>
        <td>
          TC_loginDDT Test is starting. This Testcase checks for logging in functionality using valid and invalid username/password combinations
        </td>
      </tr>
      <tr class="event-row">
        <td><span class="badge log fail-bg">Fail</span></td>
        <td>12:32:38 PM</td>
        <td>
          <textarea readonly class="code-block">org.openqa.selenium.NoSuchWindowException: no such window: target window already closed
from unknown error: web view not found
  (Session info: chrome=92.0.4515.107)
Build info: version: '3.141.59', revision: 'e82be7d358', time: '2018-11-14T08:17:03'
System info: host: 'NAGENDRA-YOGA', ip: '192.168.1.9', os.name: 'Windows 10', os.arch: 'amd64', os.version: '10.0', java.version: '1.8.0_291'
Driver info: org.openqa.selenium.chrome.ChromeDriver
Capabilities {acceptInsecureCerts: false, browserName: chrome, browserVersion: 92.0.4515.107, chrome: {chromedriverVersion: 92.0.4515.43 (8c61b7e2989f2..., userDataDir: C:\Users\madhu\AppData\Loca...}, goog:chromeOptions: {debuggerAddress: localhost:64916}, javascriptEnabled: true, networkConnectionEnabled: false, pageLoadStrategy: normal, platform: WINDOWS, platformName: WINDOWS, proxy: Proxy(), setWindowRect: true, strictFileInteractability: false, timeouts: {implicit: 0, pageLoad: 300000, script: 30000}, unhandledPromptBehavior: dismiss and notify, webauthn:extension:credBlob: true, webauthn:extension:largeBlob: true, webauthn:virtualAuthenticators: true}
Session ID: 19cf112a9e9bbd1680796a93acd7f3de
*** Element info: {Using=xpath, value=//*[@id="aspnetForm"]/div[5]/div/div/div/div[2]/div/div[1]/div/div/div[4]/button}
	at sun.reflect.NativeConstructorAccessorImpl.newInstance0(Native Method)
	at sun.reflect.NativeConstructorAccessorImpl.newInstance(Unknown Source)
	at sun.reflect.DelegatingConstructorAccessorImpl.newInstance(Unknown Source)
	at java.lang.reflect.Constructor.newInstance(Unknown Source)
	at org.openqa.selenium.remote.http.W3CHttpResponseCodec.createException(W3CHttpResponseCodec.java:187)
	at org.openqa.selenium.remote.http.W3CHttpResponseCodec.decode(W3CHttpResponseCodec.java:122)
	at org.openqa.selenium.remote.http.W3CHttpResponseCodec.decode(W3CHttpResponseCodec.java:49)
	at org.openqa.selenium.remote.HttpCommandExecutor.execute(HttpCommandExecutor.java:158)
	at org.openqa.selenium.remote.service.DriverCommandExecutor.execute(DriverCommandExecutor.java:83)
	at org.openqa.selenium.remote.RemoteWebDriver.execute(RemoteWebDriver.java:552)
	at org.openqa.selenium.remote.RemoteWebDriver.findElement(RemoteWebDriver.java:323)
	at org.openqa.selenium.remote.RemoteWebDriver.findElementByXPath(RemoteWebDriver.java:428)
	at org.openqa.selenium.By$ByXPath.findElement(By.java:353)
	at org.openqa.selenium.remote.RemoteWebDriver.findElement(RemoteWebDriver.java:315)
	at org.openqa.selenium.support.pagefactory.DefaultElementLocator.findElement(DefaultElementLocator.java:69)
	at org.openqa.selenium.support.pagefactory.internal.LocatingElementHandler.invoke(LocatingElementHandler.java:38)
	at com.sun.proxy.$Proxy28.toString(Unknown Source)
	at com.DollarDays.utilities.ElementUtils.isElementDisplayed(ElementUtils.java:35)
	at com.DollarDays.utilities.ElementUtils.isElementClickable(ElementUtils.java:46)
	at com.DollarDays.utilities.ElementUtils.performElementClickReturn(ElementUtils.java:75)
	at com.DollarDays.pageObjects.LoginPage.clickSignInBtn(LoginPage.java:83)
	at com.DollarDays.testCases.LoginDataDriverTest.TC_loginDDT(LoginDataDriverTest.java:62)
	at sun.reflect.NativeMethodAccessorImpl.invoke0(Native Method)
	at sun.reflect.NativeMethodAccessorImpl.invoke(Unknown Source)
	at sun.reflect.DelegatingMethodAccessorImpl.invoke(Unknown Source)
	at java.lang.reflect.Method.invoke(Unknown Source)
	at org.testng.internal.MethodInvocationHelper.invokeMethod(MethodInvocationHelper.java:124)
	at org.testng.internal.Invoker.invokeMethod(Invoker.java:583)
	at org.testng.internal.Invoker.invokeTestMethod(Invoker.java:719)
	at org.testng.internal.Invoker.invokeTestMethods(Invoker.java:989)
	at org.testng.internal.TestMethodWorker.invokeTestMethods(TestMethodWorker.java:125)
	at org.testng.internal.TestMethodWorker.run(TestMethodWorker.java:109)
	at org.testng.TestRunner.privateRun(TestRunner.java:648)
	at org.testng.TestRunner.run(TestRunner.java:505)
	at org.testng.SuiteRunner.runTest(SuiteRunner.java:455)
	at org.testng.SuiteRunner.access$000(SuiteRunner.java:40)
	at org.testng.SuiteRunner$SuiteWorker.run(SuiteRunner.java:489)
	at org.testng.internal.thread.ThreadUtil$1.call(ThreadUtil.java:52)
	at java.util.concurrent.FutureTask.run(Unknown Source)
	at java.util.concurrent.ThreadPoolExecutor.runWorker(Unknown Source)
	at java.util.concurrent.ThreadPoolExecutor$Worker.run(Unknown Source)
	at java.lang.Thread.run(Unknown Source)
</textarea>
          
        </td>
      </tr>
      <tr class="event-row">
        <td><span class="badge log info-bg">Info</span></td>
        <td>12:32:38 PM</td>
        <td>
          TC_loginDDT test failed. 
        </td>
      </tr>
      <tr class="event-row">
        <td><span class="badge log fail-bg">Fail</span></td>
        <td>12:32:38 PM</td>
        <td>
          <textarea readonly class="code-block">org.openqa.selenium.NoSuchWindowException: no such window: target window already closed
from unknown error: web view not found
  (Session info: chrome=92.0.4515.107)
Build info: version: '3.141.59', revision: 'e82be7d358', time: '2018-11-14T08:17:03'
System info: host: 'NAGENDRA-YOGA', ip: '192.168.1.9', os.name: 'Windows 10', os.arch: 'amd64', os.version: '10.0', java.version: '1.8.0_291'
Driver info: org.openqa.selenium.chrome.ChromeDriver
Capabilities {acceptInsecureCerts: false, browserName: chrome, browserVersion: 92.0.4515.107, chrome: {chromedriverVersion: 92.0.4515.43 (8c61b7e2989f2..., userDataDir: C:\Users\madhu\AppData\Loca...}, goog:chromeOptions: {debuggerAddress: localhost:64916}, javascriptEnabled: true, networkConnectionEnabled: false, pageLoadStrategy: normal, platform: WINDOWS, platformName: WINDOWS, proxy: Proxy(), setWindowRect: true, strictFileInteractability: false, timeouts: {implicit: 0, pageLoad: 300000, script: 30000}, unhandledPromptBehavior: dismiss and notify, webauthn:extension:credBlob: true, webauthn:extension:largeBlob: true, webauthn:virtualAuthenticators: true}
Session ID: 19cf112a9e9bbd1680796a93acd7f3de
	at sun.reflect.NativeConstructorAccessorImpl.newInstance0(Native Method)
	at sun.reflect.NativeConstructorAccessorImpl.newInstance(Unknown Source)
	at sun.reflect.DelegatingConstructorAccessorImpl.newInstance(Unknown Source)
	at java.lang.reflect.Constructor.newInstance(Unknown Source)
	at org.openqa.selenium.remote.http.W3CHttpResponseCodec.createException(W3CHttpResponseCodec.java:187)
	at org.openqa.selenium.remote.http.W3CHttpResponseCodec.decode(W3CHttpResponseCodec.java:122)
	at org.openqa.selenium.remote.http.W3CHttpResponseCodec.decode(W3CHttpResponseCodec.java:49)
	at org.openqa.selenium.remote.HttpCommandExecutor.execute(HttpCommandExecutor.java:158)
	at org.openqa.selenium.remote.service.DriverCommandExecutor.execute(DriverCommandExecutor.java:83)
	at org.openqa.selenium.remote.RemoteWebDriver.execute(RemoteWebDriver.java:552)
	at org.openqa.selenium.remote.RemoteWebDriver.execute(RemoteWebDriver.java:609)
	at org.openqa.selenium.remote.RemoteWebDriver.getScreenshotAs(RemoteWebDriver.java:295)
	at com.DollarDays.utilities.ScreenshotUtils.getScreenShot(ScreenshotUtils.java:27)
	at com.DollarDays.listeners.Listeners.onTestFailure(Listeners.java:72)
	at org.testng.internal.TestListenerHelper.runTestListeners(TestListenerHelper.java:67)
	at org.testng.internal.Invoker.runTestListeners(Invoker.java:1389)
	at org.testng.internal.Invoker.invokeMethod(Invoker.java:636)
	at org.testng.internal.Invoker.invokeTestMethod(Invoker.java:719)
	at org.testng.internal.Invoker.invokeTestMethods(Invoker.java:989)
	at org.testng.internal.TestMethodWorker.invokeTestMethods(TestMethodWorker.java:125)
	at org.testng.internal.TestMethodWorker.run(TestMethodWorker.java:109)
	at org.testng.TestRunner.privateRun(TestRunner.java:648)
	at org.testng.TestRunner.run(TestRunner.java:505)
	at org.testng.SuiteRunner.runTest(SuiteRunner.java:455)
	at org.testng.SuiteRunner.access$000(SuiteRunner.java:40)
	at org.testng.SuiteRunner$SuiteWorker.run(SuiteRunner.java:489)
	at org.testng.internal.thread.ThreadUtil$1.call(ThreadUtil.java:52)
	at java.util.concurrent.FutureTask.run(Unknown Source)
	at java.util.concurrent.ThreadPoolExecutor.runWorker(Unknown Source)
	at java.util.concurrent.ThreadPoolExecutor$Worker.run(Unknown Source)
	at java.lang.Thread.run(Unknown Source)
</textarea>
          
        </td>
      </tr>
      <tr class="event-row">
        <td><span class="badge log info-bg">Info</span></td>
        <td>12:32:38 PM</td>
        <td>
          TC_loginDDT test failed. 
        </td>
      </tr>
  </tbody>
</table>
</div>
          </div>
        </li>
        <li class="test-item"  status="pass" test-id="21"
          author=""
          tag=""
          device="">
          <div class="status-avatar pass-bg">
            <i class="fa fa-check text-white"></i>
          </div>
          <div class="test-detail">
            <span class="meta text-white badge badge-sm"></span>
            <p class="name">TC_verifyUserDropDownUrl</p>
            <p class="text-sm"><span>12:28:10 PM</span> / <span>8.081 secs</span></p>
          </div>
          <div class="test-contents d-none">
<div class="detail-head">
<div class="p-v-10">
<div class="info">
<div class='float-right'><span class='badge badge-default'>#test-id=21</span></div>
<h5 class="test-status text-pass">TC_verifyUserDropDownUrl</h5>
<span class='badge badge-success'>07.27.2021 12:28:10</span>
<span class='badge badge-danger'>07.27.2021 12:28:18</span>
<span class='badge badge-default'>8.081 secs</span>
</div>
</div>
</div>    <div class="row mb-3"><div class="col-md-3">
    <img data-featherlight='C:\workspace\DollarDaysTeam6Git\DDdaysTeam6\Screenshots\TC_verifyUserDropDownUrl20210727_122817.png' src="C:\workspace\DollarDaysTeam6Git\DDdaysTeam6\Screenshots\TC_verifyUserDropDownUrl20210727_122817.png">
    <div class="title">TC_verifyUserDropDownUrl</div>
    </div></div>
<div class="detail-body mt-4">
<table class="table table-sm">
  <thead><tr><th class="status-col">Status</th><th class="timestamp-col">Timestamp</th><th class="details-col">Details</th></tr></thead>
  <tbody>
      <tr class="event-row">
        <td><span class="badge log info-bg">Info</span></td>
        <td>12:28:10 PM</td>
        <td>
          TC_verifyUserDropDownUrl Test is starting. This testcase verifies the the navigation of links displayed in the user list .
        </td>
      </tr>
      <tr class="event-row">
        <td><span class="badge log pass-bg">Pass</span></td>
        <td>12:28:17 PM</td>
        <td>
          TC_verifyUserDropDownUrl Test Passed
        </td>
      </tr>
  </tbody>
</table>
</div>
          </div>
        </li>
        <li class="test-item"  status="pass" test-id="22"
          author=""
          tag=""
          device="">
          <div class="status-avatar pass-bg">
            <i class="fa fa-check text-white"></i>
          </div>
          <div class="test-detail">
            <span class="meta text-white badge badge-sm"></span>
            <p class="name">TC_verifyUserDropDownUrl</p>
            <p class="text-sm"><span>12:28:18 PM</span> / <span>7.127 secs</span></p>
          </div>
          <div class="test-contents d-none">
<div class="detail-head">
<div class="p-v-10">
<div class="info">
<div class='float-right'><span class='badge badge-default'>#test-id=22</span></div>
<h5 class="test-status text-pass">TC_verifyUserDropDownUrl</h5>
<span class='badge badge-success'>07.27.2021 12:28:18</span>
<span class='badge badge-danger'>07.27.2021 12:28:25</span>
<span class='badge badge-default'>7.127 secs</span>
</div>
</div>
</div>    <div class="row mb-3"><div class="col-md-3">
    <img data-featherlight='C:\workspace\DollarDaysTeam6Git\DDdaysTeam6\Screenshots\TC_verifyUserDropDownUrl20210727_122824.png' src="C:\workspace\DollarDaysTeam6Git\DDdaysTeam6\Screenshots\TC_verifyUserDropDownUrl20210727_122824.png">
    <div class="title">TC_verifyUserDropDownUrl</div>
    </div></div>
<div class="detail-body mt-4">
<table class="table table-sm">
  <thead><tr><th class="status-col">Status</th><th class="timestamp-col">Timestamp</th><th class="details-col">Details</th></tr></thead>
  <tbody>
      <tr class="event-row">
        <td><span class="badge log info-bg">Info</span></td>
        <td>12:28:18 PM</td>
        <td>
          TC_verifyUserDropDownUrl Test is starting. This testcase verifies the the navigation of links displayed in the user list .
        </td>
      </tr>
      <tr class="event-row">
        <td><span class="badge log pass-bg">Pass</span></td>
        <td>12:28:24 PM</td>
        <td>
          TC_verifyUserDropDownUrl Test Passed
        </td>
      </tr>
  </tbody>
</table>
</div>
          </div>
        </li>
        <li class="test-item"  status="pass" test-id="23"
          author=""
          tag=""
          device="">
          <div class="status-avatar pass-bg">
            <i class="fa fa-check text-white"></i>
          </div>
          <div class="test-detail">
            <span class="meta text-white badge badge-sm"></span>
            <p class="name">TC_verifyUserDropDownUrl</p>
            <p class="text-sm"><span>12:28:25 PM</span> / <span>5.863 secs</span></p>
          </div>
          <div class="test-contents d-none">
<div class="detail-head">
<div class="p-v-10">
<div class="info">
<div class='float-right'><span class='badge badge-default'>#test-id=23</span></div>
<h5 class="test-status text-pass">TC_verifyUserDropDownUrl</h5>
<span class='badge badge-success'>07.27.2021 12:28:25</span>
<span class='badge badge-danger'>07.27.2021 12:28:31</span>
<span class='badge badge-default'>5.863 secs</span>
</div>
</div>
</div>    <div class="row mb-3"><div class="col-md-3">
    <img data-featherlight='C:\workspace\DollarDaysTeam6Git\DDdaysTeam6\Screenshots\TC_verifyUserDropDownUrl20210727_122830.png' src="C:\workspace\DollarDaysTeam6Git\DDdaysTeam6\Screenshots\TC_verifyUserDropDownUrl20210727_122830.png">
    <div class="title">TC_verifyUserDropDownUrl</div>
    </div></div>
<div class="detail-body mt-4">
<table class="table table-sm">
  <thead><tr><th class="status-col">Status</th><th class="timestamp-col">Timestamp</th><th class="details-col">Details</th></tr></thead>
  <tbody>
      <tr class="event-row">
        <td><span class="badge log info-bg">Info</span></td>
        <td>12:28:25 PM</td>
        <td>
          TC_verifyUserDropDownUrl Test is starting. This testcase verifies the the navigation of links displayed in the user list .
        </td>
      </tr>
      <tr class="event-row">
        <td><span class="badge log pass-bg">Pass</span></td>
        <td>12:28:30 PM</td>
        <td>
          TC_verifyUserDropDownUrl Test Passed
        </td>
      </tr>
  </tbody>
</table>
</div>
          </div>
        </li>
        <li class="test-item"  status="pass" test-id="24"
          author=""
          tag=""
          device="">
          <div class="status-avatar pass-bg">
            <i class="fa fa-check text-white"></i>
          </div>
          <div class="test-detail">
            <span class="meta text-white badge badge-sm"></span>
            <p class="name">TC_verifyUserDropDownUrl</p>
            <p class="text-sm"><span>12:28:31 PM</span> / <span>6.093 secs</span></p>
          </div>
          <div class="test-contents d-none">
<div class="detail-head">
<div class="p-v-10">
<div class="info">
<div class='float-right'><span class='badge badge-default'>#test-id=24</span></div>
<h5 class="test-status text-pass">TC_verifyUserDropDownUrl</h5>
<span class='badge badge-success'>07.27.2021 12:28:31</span>
<span class='badge badge-danger'>07.27.2021 12:28:37</span>
<span class='badge badge-default'>6.093 secs</span>
</div>
</div>
</div>    <div class="row mb-3"><div class="col-md-3">
    <img data-featherlight='C:\workspace\DollarDaysTeam6Git\DDdaysTeam6\Screenshots\TC_verifyUserDropDownUrl20210727_122836.png' src="C:\workspace\DollarDaysTeam6Git\DDdaysTeam6\Screenshots\TC_verifyUserDropDownUrl20210727_122836.png">
    <div class="title">TC_verifyUserDropDownUrl</div>
    </div></div>
<div class="detail-body mt-4">
<table class="table table-sm">
  <thead><tr><th class="status-col">Status</th><th class="timestamp-col">Timestamp</th><th class="details-col">Details</th></tr></thead>
  <tbody>
      <tr class="event-row">
        <td><span class="badge log info-bg">Info</span></td>
        <td>12:28:31 PM</td>
        <td>
          TC_verifyUserDropDownUrl Test is starting. This testcase verifies the the navigation of links displayed in the user list .
        </td>
      </tr>
      <tr class="event-row">
        <td><span class="badge log pass-bg">Pass</span></td>
        <td>12:28:36 PM</td>
        <td>
          TC_verifyUserDropDownUrl Test Passed
        </td>
      </tr>
  </tbody>
</table>
</div>
          </div>
        </li>
        <li class="test-item"  status="pass" test-id="25"
          author=""
          tag=""
          device="">
          <div class="status-avatar pass-bg">
            <i class="fa fa-check text-white"></i>
          </div>
          <div class="test-detail">
            <span class="meta text-white badge badge-sm"></span>
            <p class="name">TC_verifyUserDropDownUrl</p>
            <p class="text-sm"><span>12:28:37 PM</span> / <span>7.486 secs</span></p>
          </div>
          <div class="test-contents d-none">
<div class="detail-head">
<div class="p-v-10">
<div class="info">
<div class='float-right'><span class='badge badge-default'>#test-id=25</span></div>
<h5 class="test-status text-pass">TC_verifyUserDropDownUrl</h5>
<span class='badge badge-success'>07.27.2021 12:28:37</span>
<span class='badge badge-danger'>07.27.2021 12:28:44</span>
<span class='badge badge-default'>7.486 secs</span>
</div>
</div>
</div>    <div class="row mb-3"><div class="col-md-3">
    <img data-featherlight='C:\workspace\DollarDaysTeam6Git\DDdaysTeam6\Screenshots\TC_verifyUserDropDownUrl20210727_122843.png' src="C:\workspace\DollarDaysTeam6Git\DDdaysTeam6\Screenshots\TC_verifyUserDropDownUrl20210727_122843.png">
    <div class="title">TC_verifyUserDropDownUrl</div>
    </div></div>
<div class="detail-body mt-4">
<table class="table table-sm">
  <thead><tr><th class="status-col">Status</th><th class="timestamp-col">Timestamp</th><th class="details-col">Details</th></tr></thead>
  <tbody>
      <tr class="event-row">
        <td><span class="badge log info-bg">Info</span></td>
        <td>12:28:37 PM</td>
        <td>
          TC_verifyUserDropDownUrl Test is starting. This testcase verifies the the navigation of links displayed in the user list .
        </td>
      </tr>
      <tr class="event-row">
        <td><span class="badge log pass-bg">Pass</span></td>
        <td>12:28:43 PM</td>
        <td>
          TC_verifyUserDropDownUrl Test Passed
        </td>
      </tr>
  </tbody>
</table>
</div>
          </div>
        </li>
        <li class="test-item"  status="pass" test-id="26"
          author=""
          tag=""
          device="">
          <div class="status-avatar pass-bg">
            <i class="fa fa-check text-white"></i>
          </div>
          <div class="test-detail">
            <span class="meta text-white badge badge-sm"></span>
            <p class="name">TC_verifyUserDropDownUrl</p>
            <p class="text-sm"><span>12:28:44 PM</span> / <span>9.514 secs</span></p>
          </div>
          <div class="test-contents d-none">
<div class="detail-head">
<div class="p-v-10">
<div class="info">
<div class='float-right'><span class='badge badge-default'>#test-id=26</span></div>
<h5 class="test-status text-pass">TC_verifyUserDropDownUrl</h5>
<span class='badge badge-success'>07.27.2021 12:28:44</span>
<span class='badge badge-danger'>07.27.2021 12:28:54</span>
<span class='badge badge-default'>9.514 secs</span>
</div>
</div>
</div>    <div class="row mb-3"><div class="col-md-3">
    <img data-featherlight='C:\workspace\DollarDaysTeam6Git\DDdaysTeam6\Screenshots\TC_verifyUserDropDownUrl20210727_122850.png' src="C:\workspace\DollarDaysTeam6Git\DDdaysTeam6\Screenshots\TC_verifyUserDropDownUrl20210727_122850.png">
    <div class="title">TC_verifyUserDropDownUrl</div>
    </div></div>
<div class="detail-body mt-4">
<table class="table table-sm">
  <thead><tr><th class="status-col">Status</th><th class="timestamp-col">Timestamp</th><th class="details-col">Details</th></tr></thead>
  <tbody>
      <tr class="event-row">
        <td><span class="badge log info-bg">Info</span></td>
        <td>12:28:44 PM</td>
        <td>
          TC_verifyUserDropDownUrl Test is starting. This testcase verifies the the navigation of links displayed in the user list .
        </td>
      </tr>
      <tr class="event-row">
        <td><span class="badge log pass-bg">Pass</span></td>
        <td>12:28:50 PM</td>
        <td>
          TC_verifyUserDropDownUrl Test Passed
        </td>
      </tr>
  </tbody>
</table>
</div>
          </div>
        </li>
        <li class="test-item"  status="pass" test-id="27"
          author=""
          tag=""
          device="">
          <div class="status-avatar pass-bg">
            <i class="fa fa-check text-white"></i>
          </div>
          <div class="test-detail">
            <span class="meta text-white badge badge-sm"></span>
            <p class="name">TC_verifyUserDropDownUrl</p>
            <p class="text-sm"><span>12:28:54 PM</span> / <span>9.913 secs</span></p>
          </div>
          <div class="test-contents d-none">
<div class="detail-head">
<div class="p-v-10">
<div class="info">
<div class='float-right'><span class='badge badge-default'>#test-id=27</span></div>
<h5 class="test-status text-pass">TC_verifyUserDropDownUrl</h5>
<span class='badge badge-success'>07.27.2021 12:28:54</span>
<span class='badge badge-danger'>07.27.2021 12:29:04</span>
<span class='badge badge-default'>9.913 secs</span>
</div>
</div>
</div>    <div class="row mb-3"><div class="col-md-3">
    <img data-featherlight='C:\workspace\DollarDaysTeam6Git\DDdaysTeam6\Screenshots\TC_verifyUserDropDownUrl20210727_122900.png' src="C:\workspace\DollarDaysTeam6Git\DDdaysTeam6\Screenshots\TC_verifyUserDropDownUrl20210727_122900.png">
    <div class="title">TC_verifyUserDropDownUrl</div>
    </div></div>
<div class="detail-body mt-4">
<table class="table table-sm">
  <thead><tr><th class="status-col">Status</th><th class="timestamp-col">Timestamp</th><th class="details-col">Details</th></tr></thead>
  <tbody>
      <tr class="event-row">
        <td><span class="badge log info-bg">Info</span></td>
        <td>12:28:54 PM</td>
        <td>
          TC_verifyUserDropDownUrl Test is starting. This testcase verifies the the navigation of links displayed in the user list .
        </td>
      </tr>
      <tr class="event-row">
        <td><span class="badge log pass-bg">Pass</span></td>
        <td>12:29:00 PM</td>
        <td>
          TC_verifyUserDropDownUrl Test Passed
        </td>
      </tr>
  </tbody>
</table>
</div>
          </div>
        </li>
      </ul>
    </div>
  </div>
<div class="test-content scrollable">
<div class="test-content-tools">
<ul><li><a class="back-to-test" href="#"><i class="fa fa-arrow-left"></i></a></li></ul>
</div>
<div class="test-content-detail"><div class="detail-body"></div></div>
</div></div>
<div class="test-wrapper row view exception-view attributes-view">
<div class="test-list">
<div class="test-list-tools">
<ul class="tools pull-left">
<li>
<a href="">
<span class="font-size-14">Exception</span>
</a>
</li>
</ul>
<ul class="tools text-right">
<li>
<a href="#">
<span class="badge badge-primary">2</span>
</a>
</li>
</ul>
</div>
<div class="test-list-wrapper scrollable">
<ul class="test-list-item">
<li class="test-item">
<div class="open-test">
<div class="test-detail">
<p class="name">java.lang.AssertionError</p>
<p class="duration text-sm">2 tests</p>
</div>
</div>
<div class="test-contents d-none">
<div class="info">
<h4>java.lang.AssertionError</h4>
</div>
<table class='table table-sm mt-4'>
<thead>
<tr>
<th class="status-col">Status</th>
<th class="timestamp-col">Timestamp</th>
<th>TestName</th>
</tr>
</thead>
<tbody>
<tr>
<td><span class="badge log fail-bg">Fail</span></td>
<td>12:26:44 PM</td>
<td>
<a href="#" class="linked" test-id='6' id='6'>TC_loginDDT</a>
</td>
</tr>
<tr>
<td><span class="badge log fail-bg">Fail</span></td>
<td>12:27:54 PM</td>
<td>
<a href="#" class="linked" test-id='18' id='18'>TC_loginDDT</a>
</td>
</tr>
</tbody>
</table>
</div>
</li>
<li class="test-item">
<div class="open-test">
<div class="test-detail">
<p class="name">org.openqa.selenium.NoSuchWindowException</p>
<p class="duration text-sm">1 tests</p>
</div>
</div>
<div class="test-contents d-none">
<div class="info">
<h4>org.openqa.selenium.NoSuchWindowException</h4>
</div>
<table class='table table-sm mt-4'>
<thead>
<tr>
<th class="status-col">Status</th>
<th class="timestamp-col">Timestamp</th>
<th>TestName</th>
</tr>
</thead>
<tbody>
<tr>
<td><span class="badge log fail-bg">Fail</span></td>
<td>12:28:04 PM</td>
<td>
<a href="#" class="linked" test-id='20' id='20'>TC_loginDDT</a>
</td>
</tr>
</tbody>
</table>
</div>
</li>
</ul>
</div>
</div>
<div class="test-content scrollable">
<div class="test-content-tools">
<ul>
<li>
<a class="back-to-test" href="javascript:void(0)">
<i class="fa fa-arrow-left"></i>
</a>
</li>
</ul>
</div>
<div class="test-content-detail">
<div class="detail-body"></div>
</div>
</div>
</div><div class="container-fluid p-4 view dashboard-view">
<div class="row">
<div class="col-md-3">
<div class="card"><div class="card-body">
<p class="m-b-0">Started</p>
<h3>Jul 27, 2021 12:25:12 PM</h3>
</div></div>
</div>
<div class="col-md-3">
<div class="card"><div class="card-body">
<p class="m-b-0">Ended</p>
<h3>Jul 27, 2021 12:32:38 PM</h3>
</div></div>
</div>
<div class="col-md-3">
<div class="card"><div class="card-body">
<p class="m-b-0 text-pass">Tests Passed</p>
<h3>24</h3>
</div></div>
</div>
<div class="col-md-3">
<div class="card"><div class="card-body">
<p class="m-b-0 text-fail">Tests Failed</p>
<h3>3</h3>
</div></div>
</div>
</div>
<div class="row">
<div class="col-md-6">
<div class="card">
<div class="card-header">
<h6 class="card-title">Tests</h6>
</div>
<div class="card-body">
<div class="">
<canvas id='parent-analysis' width='115' height='90'></canvas>
</div>
</div>
<div class="card-footer">
<div><small data-tooltip='88%'>
<b>24</b> tests passed
</small>
</div>
<div>
<small data-tooltip='11%'><b>3</b> tests failed,
<b>0</b> skipped, <b data-tooltip='0%'>0</b> others
</small>
</div>
</div>
</div>
</div>
<div class="col-md-6">
<div class="card">
<div class="card-header">
<h6 class="card-title">Log events</h6>
</div>
<div class="card-body">
<div class="">
<canvas id='events-analysis' width='115' height='90'></canvas>
</div>
</div>
<div class="card-footer">
<div><small data-tooltip='40%'><b>24</b> events passed</small></div>
<div>
<small data-tooltip='6%'><b>4</b> events failed,
<b data-tooltip='%'>31</b> others
</small>
</div>
</div>
</div>
</div>
</div>
<div class="row">
<div class="col-md-4 sysenv-container">
<div class="card">
<div class="card-header"><p>System/Environment</p></div>
<div class="card-body pb-0 pt-0"><table class="table table-sm table-bordered">
<thead><tr class="bg-gray"><th>Name</th><th>Value</th></tr></thead>
<tbody>
<tr>
<td>Tester</td>
<td>Gayathri</td>
</tr>
</tbody>
</table></div>
</div>
</div>
</div>
</div>
<script>
var statusGroup = {
parentCount: 5,
passParent: 24,
failParent: 3,
warningParent: 0,
skipParent: 0,
childCount: 5,
passChild: 0,
failChild: 0,
warningChild: 0,
skipChild: 0,
infoChild: 0,
grandChildCount: 5,
passGrandChild: 0,
failGrandChild: 0,
warningGrandChild: 0,
skipGrandChild: 0,
infoGrandChild: 0,
eventsCount: 5,
passEvents: 24,
failEvents: 4,
warningEvents: 0,
skipEvents: 0,
infoEvents: 31
};
</script>        </div>
      </div>
    </div>
  </div>
<script src="https://cdn.jsdelivr.net/gh/extent-framework/extent-github-cdn@5cf22a596531402644b8523470526952516f345f/spark/js/spark-script.js"></script>
<script type="text/javascript"></script></body>
</html>