<?xml version="1.0" encoding="UTF-8"?>
<!-- Generated by org.testng.reporters.JUnitXMLReporter -->
<testsuite hostname="Nagendra-Yoga" ignored="0" name="Validating User login datadriven" tests="27" failures="3" timestamp="2021-07-20T10:29:21 PDT" time="372.339" errors="0">
  <testcase name="TC_verifyLoginPageTitle" time="13.564" classname="com.DollarDays.testCases.LoginPageTest"/>
  <testcase name="TC_verifyLoginPageMandatoryfields" time="0.211" classname="com.DollarDays.testCases.LoginPageTest"/>
  <testcase name="TC_loginDDT" time="10.397" classname="com.DollarDays.testCases.LoginDataDriverTest"/>
  <testcase name="TC_verifyForgotEmailPasswordLink" time="1.81" classname="com.DollarDays.testCases.LoginPageTest"/>
  <testcase name="TC_verifyCreateAccountButton" time="3.406" classname="com.DollarDays.testCases.LoginPageTest"/>
  <testcase name="TC_Login" time="15.89" classname="com.DollarDays.testCases.HomePageAfterSigninTest"/>
  <testcase name="TC_verifyUserHomePageTitle" time="0.009" classname="com.DollarDays.testCases.HomePageAfterSigninTest"/>
  <testcase name="TC_loginDDT" time="10.248" classname="com.DollarDays.testCases.LoginDataDriverTest">
    <failure type="java.lang.AssertionError" message="Could not sign in to DollarDays with valid user user123@gmail.com and valid password pwd2. TestCase Failed. expected [true] but found [false]">
      <![CDATA[java.lang.AssertionError: Could not sign in to DollarDays with valid user user123@gmail.com and valid password pwd2. TestCase Failed. expected [true] but found [false]
at com.DollarDays.testCases.LoginDataDriverTest.TC_loginDDT(LoginDataDriverTest.java:80)
at java.util.ArrayList.forEach(ArrayList.java:1259)
at java.util.concurrent.FutureTask.run(FutureTask.java:266)
at java.util.concurrent.ThreadPoolExecutor.runWorker(ThreadPoolExecutor.java:1149)
at java.util.concurrent.ThreadPoolExecutor$Worker.run(ThreadPoolExecutor.java:624)
at java.lang.Thread.run(Thread.java:748)
... Removed 21 stack frames]]>
    </failure>
  </testcase> <!-- TC_loginDDT -->
  <testcase name="TC_CheckUserDropDownList" time="0.658" classname="com.DollarDays.testCases.HomePageAfterSigninTest"/>
  <testcase name="TC_loginDDT" time="4.196" classname="com.DollarDays.testCases.LoginDataDriverTest"/>
  <testcase name="TC_loginDDT" time="1.097" classname="com.DollarDays.testCases.LoginDataDriverTest"/>
  <testcase name="TC_logintoDD" time="13.394" classname="com.DollarDays.testCases.LoginPageTest"/>
  <testcase name="TC_loginDDT" time="3.068" classname="com.DollarDays.testCases.LoginDataDriverTest"/>
  <testcase name="TC_loginDDT" time="0.616" classname="com.DollarDays.testCases.LoginDataDriverTest"/>
  <testcase name="TC_verifyUserDropDownUrl" time="7.668" classname="com.DollarDays.testCases.HomePageAfterSigninTest"/>
  <testcase name="TC_loginDDT" time="0.793" classname="com.DollarDays.testCases.LoginDataDriverTest"/>
  <testcase name="TC_loginDDT" time="3.402" classname="com.DollarDays.testCases.LoginDataDriverTest">
    <failure type="java.lang.AssertionError" message="Signed  in to DollarDays successfully with invalid user srikanthtesting100@gmail.com and invalid password password123. Testcase failed. expected [false] but found [true]">
      <![CDATA[java.lang.AssertionError: Signed  in to DollarDays successfully with invalid user srikanthtesting100@gmail.com and invalid password password123. Testcase failed. expected [false] but found [true]
at com.DollarDays.testCases.LoginDataDriverTest.TC_loginDDT(LoginDataDriverTest.java:90)
at java.util.ArrayList.forEach(ArrayList.java:1259)
at java.util.concurrent.FutureTask.run(FutureTask.java:266)
at java.util.concurrent.ThreadPoolExecutor.runWorker(ThreadPoolExecutor.java:1149)
at java.util.concurrent.ThreadPoolExecutor$Worker.run(ThreadPoolExecutor.java:624)
at java.lang.Thread.run(Thread.java:748)
... Removed 22 stack frames]]>
    </failure>
  </testcase> <!-- TC_loginDDT -->
  <testcase name="TC_verifyUserDropDownUrl" time="7.091" classname="com.DollarDays.testCases.HomePageAfterSigninTest"/>
  <testcase name="TC_verifyUserDropDownUrl" time="4.395" classname="com.DollarDays.testCases.HomePageAfterSigninTest"/>
  <testcase name="TC_verifyUserDropDownUrl" time="4.338" classname="com.DollarDays.testCases.HomePageAfterSigninTest"/>
  <testcase name="TC_verifyUserDropDownUrl" time="5.517" classname="com.DollarDays.testCases.HomePageAfterSigninTest"/>
  <testcase name="TC_verifyUserDropDownUrl" time="3.458" classname="com.DollarDays.testCases.HomePageAfterSigninTest"/>
  <testcase name="TC_verifyUserDropDownUrl" time="5.609" classname="com.DollarDays.testCases.HomePageAfterSigninTest"/>
  <testcase name="TC_verifyUserDropDownUrl" time="5.122" classname="com.DollarDays.testCases.HomePageAfterSigninTest"/>
  <testcase name="TC_verifyUserDropDownUrl" time="4.806" classname="com.DollarDays.testCases.HomePageAfterSigninTest"/>
  <testcase name="TC_verifyUserDropDownUrl" time="5.148" classname="com.DollarDays.testCases.HomePageAfterSigninTest"/>
  <testcase name="TC_loginDDT" time="302.127" classname="com.DollarDays.testCases.LoginDataDriverTest">
    <failure type="java.lang.AssertionError" message="Could not sign in to DollarDays with valid user team6testing@gmail.com and valid password password123. TestCase Failed. expected [true] but found [false]">
      <![CDATA[java.lang.AssertionError: Could not sign in to DollarDays with valid user team6testing@gmail.com and valid password password123. TestCase Failed. expected [true] but found [false]
at com.DollarDays.testCases.LoginDataDriverTest.TC_loginDDT(LoginDataDriverTest.java:71)
at java.util.ArrayList.forEach(ArrayList.java:1259)
at java.util.concurrent.FutureTask.run(FutureTask.java:266)
at java.util.concurrent.ThreadPoolExecutor.runWorker(ThreadPoolExecutor.java:1149)
at java.util.concurrent.ThreadPoolExecutor$Worker.run(ThreadPoolExecutor.java:624)
at java.lang.Thread.run(Thread.java:748)
... Removed 22 stack frames]]>
    </failure>
  </testcase> <!-- TC_loginDDT -->
</testsuite> <!-- Validating User login datadriven -->
