<html>
<head>
<title>TestNG:  Validating User login datadriven</title>
<link href="../testng.css" rel="stylesheet" type="text/css" />
<link href="../my-testng.css" rel="stylesheet" type="text/css" />

<style type="text/css">
.log { display: none;} 
.stack-trace { display: none;} 
</style>
<script type="text/javascript">
<!--
function flip(e) {
  current = e.style.display;
  if (current == 'block') {
    e.style.display = 'none';
    return 0;
  }
  else {
    e.style.display = 'block';
    return 1;
  }
}

function toggleBox(szDivId, elem, msg1, msg2)
{
  var res = -1;  if (document.getElementById) {
    res = flip(document.getElementById(szDivId));
  }
  else if (document.all) {
    // this is the way old msie versions work
    res = flip(document.all[szDivId]);
  }
  if(elem) {
    if(res == 0) elem.innerHTML = msg1; else elem.innerHTML = msg2;
  }

}

function toggleAllBoxes() {
  if (document.getElementsByTagName) {
    d = document.getElementsByTagName('div');
    for (i = 0; i < d.length; i++) {
      if (d[i].className == 'log') {
        flip(d[i]);
      }
    }
  }
}

// -->
</script>

</head>
<body>
<h2 align='center'>Validating User login datadriven</h2><table border='1' align="center">
<tr>
<td>Tests passed/Failed/Skipped:</td><td>6/3/0</td>
</tr><tr>
<td>Started on:</td><td>Tue Jul 20 10:23:09 PDT 2021</td>
</tr>
<tr><td>Total time:</td><td>372 seconds (372339 ms)</td>
</tr><tr>
<td>Included groups:</td><td></td>
</tr><tr>
<td>Excluded groups:</td><td></td>
</tr>
</table><p/>
<small><i>(Hover the method name to see the test class name)</i></small><p/>
<table width='100%' border='1' class='invocation-failed'>
<tr><td colspan='4' align='center'><b>FAILED TESTS</b></td></tr>
<tr><td><b>Test method</b></td>
<td width="30%"><b>Exception</b></td>
<td width="10%"><b>Time (seconds)</b></td>
<td><b>Instance</b></td>
</tr>
<tr>
<td title='com.DollarDays.testCases.LoginDataDriverTest.TC_loginDDT()'><b>TC_loginDDT</b><br>Test class: com.DollarDays.testCases.LoginDataDriverTest<br>Test method: This Testcase checks for logging in functionality using valid and invalid username/password combinations<br>Parameters: user123@gmail.com, pwd2, user 1, Valid</td>
<td><div><pre>java.lang.AssertionError: Could not sign in to DollarDays with valid user user123@gmail.com and valid password pwd2. TestCase Failed. expected [true] but found [false]
	at com.DollarDays.testCases.LoginDataDriverTest.TC_loginDDT(LoginDataDriverTest.java:80)
	at java.util.ArrayList.forEach(ArrayList.java:1259)
	at java.util.concurrent.FutureTask.run(FutureTask.java:266)
	at java.util.concurrent.ThreadPoolExecutor.runWorker(ThreadPoolExecutor.java:1149)
	at java.util.concurrent.ThreadPoolExecutor$Worker.run(ThreadPoolExecutor.java:624)
	at java.lang.Thread.run(Thread.java:748)
... Removed 21 stack frames</pre></div><a href='#' onClick='toggleBox("stack-trace1494113023", this, "Click to show all stack frames", "Click to hide stack frames")'>Click to show all stack frames</a>
<div class='stack-trace' id='stack-trace1494113023'><pre>java.lang.AssertionError: Could not sign in to DollarDays with valid user user123@gmail.com and valid password pwd2. TestCase Failed. expected [true] but found [false]
	at org.testng.Assert.fail(Assert.java:97)
	at org.testng.Assert.failNotEquals(Assert.java:969)
	at org.testng.Assert.assertTrue(Assert.java:43)
	at com.DollarDays.testCases.LoginDataDriverTest.TC_loginDDT(LoginDataDriverTest.java:80)
	at sun.reflect.NativeMethodAccessorImpl.invoke0(Native Method)
	at sun.reflect.NativeMethodAccessorImpl.invoke(NativeMethodAccessorImpl.java:62)
	at sun.reflect.DelegatingMethodAccessorImpl.invoke(DelegatingMethodAccessorImpl.java:43)
	at java.lang.reflect.Method.invoke(Method.java:498)
	at org.testng.internal.MethodInvocationHelper.invokeMethod(MethodInvocationHelper.java:134)
	at org.testng.internal.TestInvoker.invokeMethod(TestInvoker.java:597)
	at org.testng.internal.TestInvoker.invokeTestMethod(TestInvoker.java:173)
	at org.testng.internal.MethodRunner.runInSequence(MethodRunner.java:46)
	at org.testng.internal.TestInvoker$MethodInvocationAgent.invoke(TestInvoker.java:816)
	at org.testng.internal.TestInvoker.invokeTestMethods(TestInvoker.java:146)
	at org.testng.internal.TestMethodWorker.invokeTestMethods(TestMethodWorker.java:146)
	at org.testng.internal.TestMethodWorker.run(TestMethodWorker.java:128)
	at java.util.ArrayList.forEach(ArrayList.java:1259)
	at org.testng.TestRunner.privateRun(TestRunner.java:766)
	at org.testng.TestRunner.run(TestRunner.java:587)
	at org.testng.SuiteRunner.runTest(SuiteRunner.java:384)
	at org.testng.SuiteRunner.access$000(SuiteRunner.java:28)
	at org.testng.SuiteRunner$SuiteWorker.run(SuiteRunner.java:425)
	at org.testng.internal.thread.ThreadUtil.lambda$execute$0(ThreadUtil.java:68)
	at java.util.concurrent.FutureTask.run(FutureTask.java:266)
	at java.util.concurrent.ThreadPoolExecutor.runWorker(ThreadPoolExecutor.java:1149)
	at java.util.concurrent.ThreadPoolExecutor$Worker.run(ThreadPoolExecutor.java:624)
	at java.lang.Thread.run(Thread.java:748)
</pre></div></td>
<td>10</td>
<td>com.DollarDays.testCases.LoginDataDriverTest@2a8448fa</td></tr>
<tr>
<td title='com.DollarDays.testCases.LoginDataDriverTest.TC_loginDDT()'><b>TC_loginDDT</b><br>Test class: com.DollarDays.testCases.LoginDataDriverTest<br>Test method: This Testcase checks for logging in functionality using valid and invalid username/password combinations<br>Parameters: srikanthtesting100@gmail.com, password123, srikanth s., Invalid</td>
<td><div><pre>java.lang.AssertionError: Signed  in to DollarDays successfully with invalid user srikanthtesting100@gmail.com and invalid password password123. Testcase failed. expected [false] but found [true]
	at com.DollarDays.testCases.LoginDataDriverTest.TC_loginDDT(LoginDataDriverTest.java:90)
	at java.util.ArrayList.forEach(ArrayList.java:1259)
	at java.util.concurrent.FutureTask.run(FutureTask.java:266)
	at java.util.concurrent.ThreadPoolExecutor.runWorker(ThreadPoolExecutor.java:1149)
	at java.util.concurrent.ThreadPoolExecutor$Worker.run(ThreadPoolExecutor.java:624)
	at java.lang.Thread.run(Thread.java:748)
... Removed 22 stack frames</pre></div><a href='#' onClick='toggleBox("stack-trace33769494", this, "Click to show all stack frames", "Click to hide stack frames")'>Click to show all stack frames</a>
<div class='stack-trace' id='stack-trace33769494'><pre>java.lang.AssertionError: Signed  in to DollarDays successfully with invalid user srikanthtesting100@gmail.com and invalid password password123. Testcase failed. expected [false] but found [true]
	at org.testng.Assert.fail(Assert.java:97)
	at org.testng.Assert.assertEqualsImpl(Assert.java:136)
	at org.testng.Assert.assertEquals(Assert.java:118)
	at org.testng.Assert.assertEquals(Assert.java:751)
	at com.DollarDays.testCases.LoginDataDriverTest.TC_loginDDT(LoginDataDriverTest.java:90)
	at sun.reflect.NativeMethodAccessorImpl.invoke0(Native Method)
	at sun.reflect.NativeMethodAccessorImpl.invoke(NativeMethodAccessorImpl.java:62)
	at sun.reflect.DelegatingMethodAccessorImpl.invoke(DelegatingMethodAccessorImpl.java:43)
	at java.lang.reflect.Method.invoke(Method.java:498)
	at org.testng.internal.MethodInvocationHelper.invokeMethod(MethodInvocationHelper.java:134)
	at org.testng.internal.TestInvoker.invokeMethod(TestInvoker.java:597)
	at org.testng.internal.TestInvoker.invokeTestMethod(TestInvoker.java:173)
	at org.testng.internal.MethodRunner.runInSequence(MethodRunner.java:46)
	at org.testng.internal.TestInvoker$MethodInvocationAgent.invoke(TestInvoker.java:816)
	at org.testng.internal.TestInvoker.invokeTestMethods(TestInvoker.java:146)
	at org.testng.internal.TestMethodWorker.invokeTestMethods(TestMethodWorker.java:146)
	at org.testng.internal.TestMethodWorker.run(TestMethodWorker.java:128)
	at java.util.ArrayList.forEach(ArrayList.java:1259)
	at org.testng.TestRunner.privateRun(TestRunner.java:766)
	at org.testng.TestRunner.run(TestRunner.java:587)
	at org.testng.SuiteRunner.runTest(SuiteRunner.java:384)
	at org.testng.SuiteRunner.access$000(SuiteRunner.java:28)
	at org.testng.SuiteRunner$SuiteWorker.run(SuiteRunner.java:425)
	at org.testng.internal.thread.ThreadUtil.lambda$execute$0(ThreadUtil.java:68)
	at java.util.concurrent.FutureTask.run(FutureTask.java:266)
	at java.util.concurrent.ThreadPoolExecutor.runWorker(ThreadPoolExecutor.java:1149)
	at java.util.concurrent.ThreadPoolExecutor$Worker.run(ThreadPoolExecutor.java:624)
	at java.lang.Thread.run(Thread.java:748)
</pre></div></td>
<td>3</td>
<td>com.DollarDays.testCases.LoginDataDriverTest@2a8448fa</td></tr>
<tr>
<td title='com.DollarDays.testCases.LoginDataDriverTest.TC_loginDDT()'><b>TC_loginDDT</b><br>Test class: com.DollarDays.testCases.LoginDataDriverTest<br>Test method: This Testcase checks for logging in functionality using valid and invalid username/password combinations<br>Parameters: team6testing@gmail.com, password123, gmss t., Valid</td>
<td><div><pre>java.lang.AssertionError: Could not sign in to DollarDays with valid user team6testing@gmail.com and valid password password123. TestCase Failed. expected [true] but found [false]
	at com.DollarDays.testCases.LoginDataDriverTest.TC_loginDDT(LoginDataDriverTest.java:71)
	at java.util.ArrayList.forEach(ArrayList.java:1259)
	at java.util.concurrent.FutureTask.run(FutureTask.java:266)
	at java.util.concurrent.ThreadPoolExecutor.runWorker(ThreadPoolExecutor.java:1149)
	at java.util.concurrent.ThreadPoolExecutor$Worker.run(ThreadPoolExecutor.java:624)
	at java.lang.Thread.run(Thread.java:748)
... Removed 22 stack frames</pre></div><a href='#' onClick='toggleBox("stack-trace561633723", this, "Click to show all stack frames", "Click to hide stack frames")'>Click to show all stack frames</a>
<div class='stack-trace' id='stack-trace561633723'><pre>java.lang.AssertionError: Could not sign in to DollarDays with valid user team6testing@gmail.com and valid password password123. TestCase Failed. expected [true] but found [false]
	at org.testng.Assert.fail(Assert.java:97)
	at org.testng.Assert.assertEqualsImpl(Assert.java:136)
	at org.testng.Assert.assertEquals(Assert.java:118)
	at org.testng.Assert.assertEquals(Assert.java:751)
	at com.DollarDays.testCases.LoginDataDriverTest.TC_loginDDT(LoginDataDriverTest.java:71)
	at sun.reflect.NativeMethodAccessorImpl.invoke0(Native Method)
	at sun.reflect.NativeMethodAccessorImpl.invoke(NativeMethodAccessorImpl.java:62)
	at sun.reflect.DelegatingMethodAccessorImpl.invoke(DelegatingMethodAccessorImpl.java:43)
	at java.lang.reflect.Method.invoke(Method.java:498)
	at org.testng.internal.MethodInvocationHelper.invokeMethod(MethodInvocationHelper.java:134)
	at org.testng.internal.TestInvoker.invokeMethod(TestInvoker.java:597)
	at org.testng.internal.TestInvoker.invokeTestMethod(TestInvoker.java:173)
	at org.testng.internal.MethodRunner.runInSequence(MethodRunner.java:46)
	at org.testng.internal.TestInvoker$MethodInvocationAgent.invoke(TestInvoker.java:816)
	at org.testng.internal.TestInvoker.invokeTestMethods(TestInvoker.java:146)
	at org.testng.internal.TestMethodWorker.invokeTestMethods(TestMethodWorker.java:146)
	at org.testng.internal.TestMethodWorker.run(TestMethodWorker.java:128)
	at java.util.ArrayList.forEach(ArrayList.java:1259)
	at org.testng.TestRunner.privateRun(TestRunner.java:766)
	at org.testng.TestRunner.run(TestRunner.java:587)
	at org.testng.SuiteRunner.runTest(SuiteRunner.java:384)
	at org.testng.SuiteRunner.access$000(SuiteRunner.java:28)
	at org.testng.SuiteRunner$SuiteWorker.run(SuiteRunner.java:425)
	at org.testng.internal.thread.ThreadUtil.lambda$execute$0(ThreadUtil.java:68)
	at java.util.concurrent.FutureTask.run(FutureTask.java:266)
	at java.util.concurrent.ThreadPoolExecutor.runWorker(ThreadPoolExecutor.java:1149)
	at java.util.concurrent.ThreadPoolExecutor$Worker.run(ThreadPoolExecutor.java:624)
	at java.lang.Thread.run(Thread.java:748)
</pre></div></td>
<td>302</td>
<td>com.DollarDays.testCases.LoginDataDriverTest@2a8448fa</td></tr>
</table><p>
<table width='100%' border='1' class='invocation-passed'>
<tr><td colspan='4' align='center'><b>PASSED TESTS</b></td></tr>
<tr><td><b>Test method</b></td>
<td width="30%"><b>Exception</b></td>
<td width="10%"><b>Time (seconds)</b></td>
<td><b>Instance</b></td>
</tr>
<tr>
<td title='com.DollarDays.testCases.HomePageAfterSigninTest.TC_CheckUserDropDownList()'><b>TC_CheckUserDropDownList</b><br>Test class: com.DollarDays.testCases.HomePageAfterSigninTest<br>Test method: This testcase verifies the user dropdown list displays expected values.</td>
<td></td>
<td>0</td>
<td>com.DollarDays.testCases.HomePageAfterSigninTest@2a693f59</td></tr>
<tr>
<td title='com.DollarDays.testCases.HomePageAfterSigninTest.TC_Login()'><b>TC_Login</b><br>Test class: com.DollarDays.testCases.HomePageAfterSigninTest<br>Test method: This testcase verifies user is able to login from home page with valid credentials.</td>
<td></td>
<td>15</td>
<td>com.DollarDays.testCases.HomePageAfterSigninTest@2a693f59</td></tr>
<tr>
<td title='com.DollarDays.testCases.LoginDataDriverTest.TC_loginDDT()'><b>TC_loginDDT</b><br>Test class: com.DollarDays.testCases.LoginDataDriverTest<br>Test method: This Testcase checks for logging in functionality using valid and invalid username/password combinations<br>Parameters: team6testing@gmail.com, password123, gmss t., Valid</td>
<td></td>
<td>10</td>
<td>com.DollarDays.testCases.LoginDataDriverTest@2a8448fa</td></tr>
<tr>
<td title='com.DollarDays.testCases.LoginDataDriverTest.TC_loginDDT()'><b>TC_loginDDT</b><br>Test class: com.DollarDays.testCases.LoginDataDriverTest<br>Test method: This Testcase checks for logging in functionality using valid and invalid username/password combinations<br>Parameters: user3, pwd3, user 3, Invalid</td>
<td></td>
<td>4</td>
<td>com.DollarDays.testCases.LoginDataDriverTest@2a8448fa</td></tr>
<tr>
<td title='com.DollarDays.testCases.LoginDataDriverTest.TC_loginDDT()'><b>TC_loginDDT</b><br>Test class: com.DollarDays.testCases.LoginDataDriverTest<br>Test method: This Testcase checks for logging in functionality using valid and invalid username/password combinations<br>Parameters: , , , Invalid</td>
<td></td>
<td>1</td>
<td>com.DollarDays.testCases.LoginDataDriverTest@2a8448fa</td></tr>
<tr>
<td title='com.DollarDays.testCases.LoginDataDriverTest.TC_loginDDT()'><b>TC_loginDDT</b><br>Test class: com.DollarDays.testCases.LoginDataDriverTest<br>Test method: This Testcase checks for logging in functionality using valid and invalid username/password combinations<br>Parameters: user4, pwd4, user 4, Invalid</td>
<td></td>
<td>3</td>
<td>com.DollarDays.testCases.LoginDataDriverTest@2a8448fa</td></tr>
<tr>
<td title='com.DollarDays.testCases.LoginDataDriverTest.TC_loginDDT()'><b>TC_loginDDT</b><br>Test class: com.DollarDays.testCases.LoginDataDriverTest<br>Test method: This Testcase checks for logging in functionality using valid and invalid username/password combinations<br>Parameters: user5, , , Invalid</td>
<td></td>
<td>0</td>
<td>com.DollarDays.testCases.LoginDataDriverTest@2a8448fa</td></tr>
<tr>
<td title='com.DollarDays.testCases.LoginDataDriverTest.TC_loginDDT()'><b>TC_loginDDT</b><br>Test class: com.DollarDays.testCases.LoginDataDriverTest<br>Test method: This Testcase checks for logging in functionality using valid and invalid username/password combinations<br>Parameters: , pwd6, , Invalid</td>
<td></td>
<td>0</td>
<td>com.DollarDays.testCases.LoginDataDriverTest@2a8448fa</td></tr>
<tr>
<td title='com.DollarDays.testCases.LoginPageTest.TC_logintoDD()'><b>TC_logintoDD</b><br>Test class: com.DollarDays.testCases.LoginPageTest<br>Test method: Testcase checks if the user is able to login successfully with valid username/password combination</td>
<td></td>
<td>13</td>
<td>com.DollarDays.testCases.LoginPageTest@2ab4bc72</td></tr>
<tr>
<td title='com.DollarDays.testCases.LoginPageTest.TC_verifyCreateAccountButton()'><b>TC_verifyCreateAccountButton</b><br>Test class: com.DollarDays.testCases.LoginPageTest<br>Test method:  TestCase verifies functionality of CreateAccount button .</td>
<td></td>
<td>3</td>
<td>com.DollarDays.testCases.LoginPageTest@2ab4bc72</td></tr>
<tr>
<td title='com.DollarDays.testCases.LoginPageTest.TC_verifyForgotEmailPasswordLink()'><b>TC_verifyForgotEmailPasswordLink</b><br>Test class: com.DollarDays.testCases.LoginPageTest<br>Test method:  TestCase verifies the navigation of Forgot password link .</td>
<td></td>
<td>1</td>
<td>com.DollarDays.testCases.LoginPageTest@2ab4bc72</td></tr>
<tr>
<td title='com.DollarDays.testCases.LoginPageTest.TC_verifyLoginPageMandatoryfields()'><b>TC_verifyLoginPageMandatoryfields</b><br>Test class: com.DollarDays.testCases.LoginPageTest<br>Test method:  TestCase verifies Email Address and Password fields are mandatory in LoginPage.</td>
<td></td>
<td>0</td>
<td>com.DollarDays.testCases.LoginPageTest@2ab4bc72</td></tr>
<tr>
<td title='com.DollarDays.testCases.LoginPageTest.TC_verifyLoginPageTitle()'><b>TC_verifyLoginPageTitle</b><br>Test class: com.DollarDays.testCases.LoginPageTest<br>Test method:  TestCase verifies LoginPage Title is displayed correctly.</td>
<td></td>
<td>13</td>
<td>com.DollarDays.testCases.LoginPageTest@2ab4bc72</td></tr>
<tr>
<td title='com.DollarDays.testCases.HomePageAfterSigninTest.TC_verifyUserDropDownUrl()'><b>TC_verifyUserDropDownUrl</b><br>Test class: com.DollarDays.testCases.HomePageAfterSigninTest<br>Test method: This testcase verifies the the navigation of links displayed in the user list .<br>Parameters: Accounts</td>
<td></td>
<td>7</td>
<td>com.DollarDays.testCases.HomePageAfterSigninTest@2a693f59</td></tr>
<tr>
<td title='com.DollarDays.testCases.HomePageAfterSigninTest.TC_verifyUserDropDownUrl()'><b>TC_verifyUserDropDownUrl</b><br>Test class: com.DollarDays.testCases.HomePageAfterSigninTest<br>Test method: This testcase verifies the the navigation of links displayed in the user list .<br>Parameters: Order History</td>
<td></td>
<td>7</td>
<td>com.DollarDays.testCases.HomePageAfterSigninTest@2a693f59</td></tr>
<tr>
<td title='com.DollarDays.testCases.HomePageAfterSigninTest.TC_verifyUserDropDownUrl()'><b>TC_verifyUserDropDownUrl</b><br>Test class: com.DollarDays.testCases.HomePageAfterSigninTest<br>Test method: This testcase verifies the the navigation of links displayed in the user list .<br>Parameters: Favorites</td>
<td></td>
<td>4</td>
<td>com.DollarDays.testCases.HomePageAfterSigninTest@2a693f59</td></tr>
<tr>
<td title='com.DollarDays.testCases.HomePageAfterSigninTest.TC_verifyUserDropDownUrl()'><b>TC_verifyUserDropDownUrl</b><br>Test class: com.DollarDays.testCases.HomePageAfterSigninTest<br>Test method: This testcase verifies the the navigation of links displayed in the user list .<br>Parameters: Update Profile</td>
<td></td>
<td>4</td>
<td>com.DollarDays.testCases.HomePageAfterSigninTest@2a693f59</td></tr>
<tr>
<td title='com.DollarDays.testCases.HomePageAfterSigninTest.TC_verifyUserDropDownUrl()'><b>TC_verifyUserDropDownUrl</b><br>Test class: com.DollarDays.testCases.HomePageAfterSigninTest<br>Test method: This testcase verifies the the navigation of links displayed in the user list .<br>Parameters: Address Book</td>
<td></td>
<td>5</td>
<td>com.DollarDays.testCases.HomePageAfterSigninTest@2a693f59</td></tr>
<tr>
<td title='com.DollarDays.testCases.HomePageAfterSigninTest.TC_verifyUserDropDownUrl()'><b>TC_verifyUserDropDownUrl</b><br>Test class: com.DollarDays.testCases.HomePageAfterSigninTest<br>Test method: This testcase verifies the the navigation of links displayed in the user list .<br>Parameters: Wallet</td>
<td></td>
<td>3</td>
<td>com.DollarDays.testCases.HomePageAfterSigninTest@2a693f59</td></tr>
<tr>
<td title='com.DollarDays.testCases.HomePageAfterSigninTest.TC_verifyUserDropDownUrl()'><b>TC_verifyUserDropDownUrl</b><br>Test class: com.DollarDays.testCases.HomePageAfterSigninTest<br>Test method: This testcase verifies the the navigation of links displayed in the user list .<br>Parameters: Tax Exempt</td>
<td></td>
<td>5</td>
<td>com.DollarDays.testCases.HomePageAfterSigninTest@2a693f59</td></tr>
<tr>
<td title='com.DollarDays.testCases.HomePageAfterSigninTest.TC_verifyUserDropDownUrl()'><b>TC_verifyUserDropDownUrl</b><br>Test class: com.DollarDays.testCases.HomePageAfterSigninTest<br>Test method: This testcase verifies the the navigation of links displayed in the user list .<br>Parameters: Request a Quote</td>
<td></td>
<td>5</td>
<td>com.DollarDays.testCases.HomePageAfterSigninTest@2a693f59</td></tr>
<tr>
<td title='com.DollarDays.testCases.HomePageAfterSigninTest.TC_verifyUserDropDownUrl()'><b>TC_verifyUserDropDownUrl</b><br>Test class: com.DollarDays.testCases.HomePageAfterSigninTest<br>Test method: This testcase verifies the the navigation of links displayed in the user list .<br>Parameters: Contact Us</td>
<td></td>
<td>4</td>
<td>com.DollarDays.testCases.HomePageAfterSigninTest@2a693f59</td></tr>
<tr>
<td title='com.DollarDays.testCases.HomePageAfterSigninTest.TC_verifyUserDropDownUrl()'><b>TC_verifyUserDropDownUrl</b><br>Test class: com.DollarDays.testCases.HomePageAfterSigninTest<br>Test method: This testcase verifies the the navigation of links displayed in the user list .<br>Parameters: Sign Out</td>
<td></td>
<td>5</td>
<td>com.DollarDays.testCases.HomePageAfterSigninTest@2a693f59</td></tr>
<tr>
<td title='com.DollarDays.testCases.HomePageAfterSigninTest.TC_verifyUserHomePageTitle()'><b>TC_verifyUserHomePageTitle</b><br>Test class: com.DollarDays.testCases.HomePageAfterSigninTest<br>Test method: This testcase verifies the Home Page Title is correct after user signs in.</td>
<td></td>
<td>0</td>
<td>com.DollarDays.testCases.HomePageAfterSigninTest@2a693f59</td></tr>
</table><p>
</body>
</html>