<?xml version="1.0" encoding="UTF-8"?>
<testng-results skipped="0" failed="3" ignored="0" total="9" passed="6">
  <reporter-output>
  </reporter-output>
  <suite name="Suite" duration-ms="372339" started-at="2021-07-20T10:23:09 PDT" finished-at="2021-07-20T10:29:21 PDT">
    <groups>
    </groups>
    <test name="Validating User login datadriven" duration-ms="372339" started-at="2021-07-20T10:23:09 PDT" finished-at="2021-07-20T10:29:21 PDT">
      <class name="com.DollarDays.testCases.LoginDataDriverTest">
        <test-method status="PASS" signature="initialize()[pri:0, instance:com.DollarDays.testCases.LoginDataDriverTest@2a8448fa]" name="initialize" is-config="true" duration-ms="19957" started-at="2021-07-20T10:23:09 PDT" finished-at="2021-07-20T10:23:29 PDT">
          <reporter-output>
          </reporter-output>
        </test-method> <!-- initialize -->
        <test-method status="PASS" signature="TC_loginDDT(java.lang.String, java.lang.String, java.lang.String, java.lang.String)[pri:0, instance:com.DollarDays.testCases.LoginDataDriverTest@2a8448fa]" name="TC_loginDDT" duration-ms="10397" started-at="2021-07-20T10:23:30 PDT" description="This Testcase checks for logging in functionality using valid and invalid username/password combinations" data-provider="LoginData" finished-at="2021-07-20T10:23:41 PDT">
          <params>
            <param index="0">
              <value>
                <![CDATA[team6testing@gmail.com]]>
              </value>
            </param>
            <param index="1">
              <value>
                <![CDATA[password123]]>
              </value>
            </param>
            <param index="2">
              <value>
                <![CDATA[gmss t.]]>
              </value>
            </param>
            <param index="3">
              <value>
                <![CDATA[Valid]]>
              </value>
            </param>
          </params>
          <reporter-output>
          </reporter-output>
        </test-method> <!-- TC_loginDDT -->
        <test-method status="FAIL" signature="TC_loginDDT(java.lang.String, java.lang.String, java.lang.String, java.lang.String)[pri:0, instance:com.DollarDays.testCases.LoginDataDriverTest@2a8448fa]" name="TC_loginDDT" duration-ms="10248" started-at="2021-07-20T10:23:44 PDT" description="This Testcase checks for logging in functionality using valid and invalid username/password combinations" data-provider="LoginData" finished-at="2021-07-20T10:23:54 PDT">
          <params>
            <param index="0">
              <value>
                <![CDATA[user123@gmail.com]]>
              </value>
            </param>
            <param index="1">
              <value>
                <![CDATA[pwd2]]>
              </value>
            </param>
            <param index="2">
              <value>
                <![CDATA[user 1]]>
              </value>
            </param>
            <param index="3">
              <value>
                <![CDATA[Valid]]>
              </value>
            </param>
          </params>
          <exception class="java.lang.AssertionError">
            <message>
              <![CDATA[Could not sign in to DollarDays with valid user user123@gmail.com and valid password pwd2. TestCase Failed. expected [true] but found [false]]]>
            </message>
            <full-stacktrace>
              <![CDATA[java.lang.AssertionError: Could not sign in to DollarDays with valid user user123@gmail.com and valid password pwd2. TestCase Failed. expected [true] but found [false]
at org.testng.Assert.fail(Assert.java:97)
at org.testng.Assert.failNotEquals(Assert.java:969)
at org.testng.Assert.assertTrue(Assert.java:43)
at com.DollarDays.testCases.LoginDataDriverTest.TC_loginDDT(LoginDataDriverTest.java:80)
at sun.reflect.NativeMethodAccessorImpl.invoke0(Native Method)
at sun.reflect.NativeMethodAccessorImpl.invoke(NativeMethodAccessorImpl.java:62)
at sun.reflect.DelegatingMethodAccessorImpl.invoke(DelegatingMethodAccessorImpl.java:43)
at java.lang.reflect.Method.invoke(Method.java:498)
at org.testng.internal.MethodInvocationHelper.invokeMethod(MethodInvocationHelper.java:134)
at org.testng.internal.TestInvoker.invokeMethod(TestInvoker.java:597)
at org.testng.internal.TestInvoker.invokeTestMethod(TestInvoker.java:173)
at org.testng.internal.MethodRunner.runInSequence(MethodRunner.java:46)
at org.testng.internal.TestInvoker$MethodInvocationAgent.invoke(TestInvoker.java:816)
at org.testng.internal.TestInvoker.invokeTestMethods(TestInvoker.java:146)
at org.testng.internal.TestMethodWorker.invokeTestMethods(TestMethodWorker.java:146)
at org.testng.internal.TestMethodWorker.run(TestMethodWorker.java:128)
at java.util.ArrayList.forEach(ArrayList.java:1259)
at org.testng.TestRunner.privateRun(TestRunner.java:766)
at org.testng.TestRunner.run(TestRunner.java:587)
at org.testng.SuiteRunner.runTest(SuiteRunner.java:384)
at org.testng.SuiteRunner.access$000(SuiteRunner.java:28)
at org.testng.SuiteRunner$SuiteWorker.run(SuiteRunner.java:425)
at org.testng.internal.thread.ThreadUtil.lambda$execute$0(ThreadUtil.java:68)
at java.util.concurrent.FutureTask.run(FutureTask.java:266)
at java.util.concurrent.ThreadPoolExecutor.runWorker(ThreadPoolExecutor.java:1149)
at java.util.concurrent.ThreadPoolExecutor$Worker.run(ThreadPoolExecutor.java:624)
at java.lang.Thread.run(Thread.java:748)
]]>
            </full-stacktrace>
          </exception> <!-- java.lang.AssertionError -->
          <reporter-output>
          </reporter-output>
        </test-method> <!-- TC_loginDDT -->
        <test-method status="PASS" signature="TC_loginDDT(java.lang.String, java.lang.String, java.lang.String, java.lang.String)[pri:0, instance:com.DollarDays.testCases.LoginDataDriverTest@2a8448fa]" name="TC_loginDDT" duration-ms="4196" started-at="2021-07-20T10:23:55 PDT" description="This Testcase checks for logging in functionality using valid and invalid username/password combinations" data-provider="LoginData" finished-at="2021-07-20T10:23:59 PDT">
          <params>
            <param index="0">
              <value>
                <![CDATA[user3]]>
              </value>
            </param>
            <param index="1">
              <value>
                <![CDATA[pwd3]]>
              </value>
            </param>
            <param index="2">
              <value>
                <![CDATA[user 3]]>
              </value>
            </param>
            <param index="3">
              <value>
                <![CDATA[Invalid]]>
              </value>
            </param>
          </params>
          <reporter-output>
          </reporter-output>
        </test-method> <!-- TC_loginDDT -->
        <test-method status="PASS" signature="TC_loginDDT(java.lang.String, java.lang.String, java.lang.String, java.lang.String)[pri:0, instance:com.DollarDays.testCases.LoginDataDriverTest@2a8448fa]" name="TC_loginDDT" duration-ms="1097" started-at="2021-07-20T10:24:00 PDT" description="This Testcase checks for logging in functionality using valid and invalid username/password combinations" data-provider="LoginData" finished-at="2021-07-20T10:24:01 PDT">
          <params>
            <param index="0">
              <value>
                <![CDATA[]]>
              </value>
            </param>
            <param index="1">
              <value>
                <![CDATA[]]>
              </value>
            </param>
            <param index="2">
              <value>
                <![CDATA[]]>
              </value>
            </param>
            <param index="3">
              <value>
                <![CDATA[Invalid]]>
              </value>
            </param>
          </params>
          <reporter-output>
          </reporter-output>
        </test-method> <!-- TC_loginDDT -->
        <test-method status="PASS" signature="TC_loginDDT(java.lang.String, java.lang.String, java.lang.String, java.lang.String)[pri:0, instance:com.DollarDays.testCases.LoginDataDriverTest@2a8448fa]" name="TC_loginDDT" duration-ms="3068" started-at="2021-07-20T10:24:03 PDT" description="This Testcase checks for logging in functionality using valid and invalid username/password combinations" data-provider="LoginData" finished-at="2021-07-20T10:24:06 PDT">
          <params>
            <param index="0">
              <value>
                <![CDATA[user4]]>
              </value>
            </param>
            <param index="1">
              <value>
                <![CDATA[pwd4]]>
              </value>
            </param>
            <param index="2">
              <value>
                <![CDATA[user 4]]>
              </value>
            </param>
            <param index="3">
              <value>
                <![CDATA[Invalid]]>
              </value>
            </param>
          </params>
          <reporter-output>
          </reporter-output>
        </test-method> <!-- TC_loginDDT -->
        <test-method status="PASS" signature="TC_loginDDT(java.lang.String, java.lang.String, java.lang.String, java.lang.String)[pri:0, instance:com.DollarDays.testCases.LoginDataDriverTest@2a8448fa]" name="TC_loginDDT" duration-ms="616" started-at="2021-07-20T10:24:07 PDT" description="This Testcase checks for logging in functionality using valid and invalid username/password combinations" data-provider="LoginData" finished-at="2021-07-20T10:24:07 PDT">
          <params>
            <param index="0">
              <value>
                <![CDATA[user5]]>
              </value>
            </param>
            <param index="1">
              <value>
                <![CDATA[]]>
              </value>
            </param>
            <param index="2">
              <value>
                <![CDATA[]]>
              </value>
            </param>
            <param index="3">
              <value>
                <![CDATA[Invalid]]>
              </value>
            </param>
          </params>
          <reporter-output>
          </reporter-output>
        </test-method> <!-- TC_loginDDT -->
        <test-method status="PASS" signature="TC_loginDDT(java.lang.String, java.lang.String, java.lang.String, java.lang.String)[pri:0, instance:com.DollarDays.testCases.LoginDataDriverTest@2a8448fa]" name="TC_loginDDT" duration-ms="793" started-at="2021-07-20T10:24:08 PDT" description="This Testcase checks for logging in functionality using valid and invalid username/password combinations" data-provider="LoginData" finished-at="2021-07-20T10:24:09 PDT">
          <params>
            <param index="0">
              <value>
                <![CDATA[]]>
              </value>
            </param>
            <param index="1">
              <value>
                <![CDATA[pwd6]]>
              </value>
            </param>
            <param index="2">
              <value>
                <![CDATA[]]>
              </value>
            </param>
            <param index="3">
              <value>
                <![CDATA[Invalid]]>
              </value>
            </param>
          </params>
          <reporter-output>
          </reporter-output>
        </test-method> <!-- TC_loginDDT -->
        <test-method status="FAIL" signature="TC_loginDDT(java.lang.String, java.lang.String, java.lang.String, java.lang.String)[pri:0, instance:com.DollarDays.testCases.LoginDataDriverTest@2a8448fa]" name="TC_loginDDT" duration-ms="3402" started-at="2021-07-20T10:24:10 PDT" description="This Testcase checks for logging in functionality using valid and invalid username/password combinations" data-provider="LoginData" finished-at="2021-07-20T10:24:14 PDT">
          <params>
            <param index="0">
              <value>
                <![CDATA[srikanthtesting100@gmail.com]]>
              </value>
            </param>
            <param index="1">
              <value>
                <![CDATA[password123]]>
              </value>
            </param>
            <param index="2">
              <value>
                <![CDATA[srikanth s.]]>
              </value>
            </param>
            <param index="3">
              <value>
                <![CDATA[Invalid]]>
              </value>
            </param>
          </params>
          <exception class="java.lang.AssertionError">
            <message>
              <![CDATA[Signed  in to DollarDays successfully with invalid user srikanthtesting100@gmail.com and invalid password password123. Testcase failed. expected [false] but found [true]]]>
            </message>
            <full-stacktrace>
              <![CDATA[java.lang.AssertionError: Signed  in to DollarDays successfully with invalid user srikanthtesting100@gmail.com and invalid password password123. Testcase failed. expected [false] but found [true]
at org.testng.Assert.fail(Assert.java:97)
at org.testng.Assert.assertEqualsImpl(Assert.java:136)
at org.testng.Assert.assertEquals(Assert.java:118)
at org.testng.Assert.assertEquals(Assert.java:751)
at com.DollarDays.testCases.LoginDataDriverTest.TC_loginDDT(LoginDataDriverTest.java:90)
at sun.reflect.NativeMethodAccessorImpl.invoke0(Native Method)
at sun.reflect.NativeMethodAccessorImpl.invoke(NativeMethodAccessorImpl.java:62)
at sun.reflect.DelegatingMethodAccessorImpl.invoke(DelegatingMethodAccessorImpl.java:43)
at java.lang.reflect.Method.invoke(Method.java:498)
at org.testng.internal.MethodInvocationHelper.invokeMethod(MethodInvocationHelper.java:134)
at org.testng.internal.TestInvoker.invokeMethod(TestInvoker.java:597)
at org.testng.internal.TestInvoker.invokeTestMethod(TestInvoker.java:173)
at org.testng.internal.MethodRunner.runInSequence(MethodRunner.java:46)
at org.testng.internal.TestInvoker$MethodInvocationAgent.invoke(TestInvoker.java:816)
at org.testng.internal.TestInvoker.invokeTestMethods(TestInvoker.java:146)
at org.testng.internal.TestMethodWorker.invokeTestMethods(TestMethodWorker.java:146)
at org.testng.internal.TestMethodWorker.run(TestMethodWorker.java:128)
at java.util.ArrayList.forEach(ArrayList.java:1259)
at org.testng.TestRunner.privateRun(TestRunner.java:766)
at org.testng.TestRunner.run(TestRunner.java:587)
at org.testng.SuiteRunner.runTest(SuiteRunner.java:384)
at org.testng.SuiteRunner.access$000(SuiteRunner.java:28)
at org.testng.SuiteRunner$SuiteWorker.run(SuiteRunner.java:425)
at org.testng.internal.thread.ThreadUtil.lambda$execute$0(ThreadUtil.java:68)
at java.util.concurrent.FutureTask.run(FutureTask.java:266)
at java.util.concurrent.ThreadPoolExecutor.runWorker(ThreadPoolExecutor.java:1149)
at java.util.concurrent.ThreadPoolExecutor$Worker.run(ThreadPoolExecutor.java:624)
at java.lang.Thread.run(Thread.java:748)
]]>
            </full-stacktrace>
          </exception> <!-- java.lang.AssertionError -->
          <reporter-output>
          </reporter-output>
        </test-method> <!-- TC_loginDDT -->
        <test-method status="FAIL" signature="TC_loginDDT(java.lang.String, java.lang.String, java.lang.String, java.lang.String)[pri:0, instance:com.DollarDays.testCases.LoginDataDriverTest@2a8448fa]" name="TC_loginDDT" duration-ms="302127" started-at="2021-07-20T10:24:17 PDT" description="This Testcase checks for logging in functionality using valid and invalid username/password combinations" data-provider="LoginData" finished-at="2021-07-20T10:29:19 PDT">
          <params>
            <param index="0">
              <value>
                <![CDATA[team6testing@gmail.com]]>
              </value>
            </param>
            <param index="1">
              <value>
                <![CDATA[password123]]>
              </value>
            </param>
            <param index="2">
              <value>
                <![CDATA[gmss t.]]>
              </value>
            </param>
            <param index="3">
              <value>
                <![CDATA[Valid]]>
              </value>
            </param>
          </params>
          <exception class="java.lang.AssertionError">
            <message>
              <![CDATA[Could not sign in to DollarDays with valid user team6testing@gmail.com and valid password password123. TestCase Failed. expected [true] but found [false]]]>
            </message>
            <full-stacktrace>
              <![CDATA[java.lang.AssertionError: Could not sign in to DollarDays with valid user team6testing@gmail.com and valid password password123. TestCase Failed. expected [true] but found [false]
at org.testng.Assert.fail(Assert.java:97)
at org.testng.Assert.assertEqualsImpl(Assert.java:136)
at org.testng.Assert.assertEquals(Assert.java:118)
at org.testng.Assert.assertEquals(Assert.java:751)
at com.DollarDays.testCases.LoginDataDriverTest.TC_loginDDT(LoginDataDriverTest.java:71)
at sun.reflect.NativeMethodAccessorImpl.invoke0(Native Method)
at sun.reflect.NativeMethodAccessorImpl.invoke(NativeMethodAccessorImpl.java:62)
at sun.reflect.DelegatingMethodAccessorImpl.invoke(DelegatingMethodAccessorImpl.java:43)
at java.lang.reflect.Method.invoke(Method.java:498)
at org.testng.internal.MethodInvocationHelper.invokeMethod(MethodInvocationHelper.java:134)
at org.testng.internal.TestInvoker.invokeMethod(TestInvoker.java:597)
at org.testng.internal.TestInvoker.invokeTestMethod(TestInvoker.java:173)
at org.testng.internal.MethodRunner.runInSequence(MethodRunner.java:46)
at org.testng.internal.TestInvoker$MethodInvocationAgent.invoke(TestInvoker.java:816)
at org.testng.internal.TestInvoker.invokeTestMethods(TestInvoker.java:146)
at org.testng.internal.TestMethodWorker.invokeTestMethods(TestMethodWorker.java:146)
at org.testng.internal.TestMethodWorker.run(TestMethodWorker.java:128)
at java.util.ArrayList.forEach(ArrayList.java:1259)
at org.testng.TestRunner.privateRun(TestRunner.java:766)
at org.testng.TestRunner.run(TestRunner.java:587)
at org.testng.SuiteRunner.runTest(SuiteRunner.java:384)
at org.testng.SuiteRunner.access$000(SuiteRunner.java:28)
at org.testng.SuiteRunner$SuiteWorker.run(SuiteRunner.java:425)
at org.testng.internal.thread.ThreadUtil.lambda$execute$0(ThreadUtil.java:68)
at java.util.concurrent.FutureTask.run(FutureTask.java:266)
at java.util.concurrent.ThreadPoolExecutor.runWorker(ThreadPoolExecutor.java:1149)
at java.util.concurrent.ThreadPoolExecutor$Worker.run(ThreadPoolExecutor.java:624)
at java.lang.Thread.run(Thread.java:748)
]]>
            </full-stacktrace>
          </exception> <!-- java.lang.AssertionError -->
          <reporter-output>
          </reporter-output>
        </test-method> <!-- TC_loginDDT -->
        <test-method status="PASS" signature="teardown()[pri:0, instance:com.DollarDays.testCases.LoginDataDriverTest@2a8448fa]" name="teardown" is-config="true" duration-ms="391" started-at="2021-07-20T10:29:21 PDT" finished-at="2021-07-20T10:29:21 PDT">
          <reporter-output>
          </reporter-output>
        </test-method> <!-- teardown -->
      </class> <!-- com.DollarDays.testCases.LoginDataDriverTest -->
    </test> <!-- Validating User login datadriven -->
  </suite> <!-- Suite -->
</testng-results>
